[info] putils: Enhanced Deep Learning Putils loaded successfully, enjoy it!
parameters: Namespace(Multi_Choice=5, batch_size=16, epochs=50, feat_category='resnet', feat_path='/hhd12306/chentangming/dataset/tgif/features', glove_file_path='/hhd12306/chentangming/dataset/models/glove/glove.6B.300d.txt', lambda=0.01, max_len=36, model='ParalCoAtt', num_hid=1024, output='saved_models/glimpse%d-subnum%d-reasonstep%d-lambda%s-cg-shuffle/%s', reasonSteps=1, scale=[1024, 512, 256], seed=1000, sentense_file_path='data/dataset', sub_nums=8, task='Action', test_phase=False)
loading dictionary from ./data/action_dict.pkl
loading dictionary done.
exsit path
exsit path
========start train========
optim: adamax lr=0.0010, decay_step=2, decay_rate=0.50, grad_clip=0.25
gradual warmup lr: 0.0005
===========Epoch 0 's train==========
iter:  0 loss: 0.802678 disagreement: 0.695843
iter:  100 loss: 0.921480 disagreement: 0.056277
iter:  200 loss: 0.720520 disagreement: 0.021415
iter:  300 loss: 0.769433 disagreement: 0.017538
iter:  400 loss: 0.681126 disagreement: 0.015803
iter:  500 loss: 0.582759 disagreement: 0.015290
iter:  600 loss: 0.441321 disagreement: 0.014743
iter:  700 loss: 0.423661 disagreement: 0.013490
iter:  800 loss: 0.543006 disagreement: 0.023384
iter:  900 loss: 0.620349 disagreement: 0.014761
iter:  1000 loss: 0.683743 disagreement: 0.013814
iter:  1100 loss: 0.569771 disagreement: 0.014715
iter:  1200 loss: 0.527807 disagreement: 0.015140
	train_loss: 3.17
===========Epoch 0 's test==========
epoch 0, time: 427.16
	eval score: 51.93 
	current best eval score: 51.93 
gradual warmup lr: 0.0010
===========Epoch 1 's train==========
iter:  0 loss: 0.582573 disagreement: 0.018398
iter:  100 loss: 0.708019 disagreement: 0.017101
iter:  200 loss: 0.504366 disagreement: 0.031432
iter:  300 loss: 0.627264 disagreement: 0.018005
iter:  400 loss: 0.617622 disagreement: 0.017402
iter:  500 loss: 0.644062 disagreement: 0.013783
iter:  600 loss: 0.567500 disagreement: 0.015984
iter:  700 loss: 0.357100 disagreement: 0.018250
iter:  800 loss: 0.512859 disagreement: 0.021436
iter:  900 loss: 0.424813 disagreement: 0.016418
iter:  1000 loss: 0.359938 disagreement: 0.016872
iter:  1100 loss: 0.506210 disagreement: 0.011514
iter:  1200 loss: 0.158474 disagreement: 0.017724
	train_loss: 2.27
===========Epoch 1 's test==========
epoch 1, time: 116.45
	eval score: 60.99 
	current best eval score: 60.99 
gradual warmup lr: 0.0015
===========Epoch 2 's train==========
iter:  0 loss: 0.449592 disagreement: 0.014432
iter:  100 loss: 0.325369 disagreement: 0.015311
iter:  200 loss: 0.268309 disagreement: 0.011800
iter:  300 loss: 0.579039 disagreement: 0.014258
iter:  400 loss: 0.341806 disagreement: 0.021719
iter:  500 loss: 0.416220 disagreement: 0.031402
iter:  600 loss: 0.167223 disagreement: 0.017937
iter:  700 loss: 0.482409 disagreement: 0.014023
iter:  800 loss: 0.423969 disagreement: 0.018343
iter:  900 loss: 0.265811 disagreement: 0.016438
iter:  1000 loss: 0.354103 disagreement: 0.014577
iter:  1100 loss: 0.345650 disagreement: 0.024809
iter:  1200 loss: 0.357858 disagreement: 0.013802
	train_loss: 1.87
===========Epoch 2 's test==========
epoch 2, time: 249.84
	eval score: 64.42 
	current best eval score: 64.42 
gradual warmup lr: 0.0020
===========Epoch 3 's train==========
iter:  0 loss: 0.192671 disagreement: 0.018628
iter:  100 loss: 0.420593 disagreement: 0.020793
iter:  200 loss: 0.237700 disagreement: 0.014626
iter:  300 loss: 0.322050 disagreement: 0.016612
iter:  400 loss: 0.390973 disagreement: 0.013497
iter:  500 loss: 0.365881 disagreement: 0.013852
iter:  600 loss: 0.554029 disagreement: 0.012573
iter:  700 loss: 0.412464 disagreement: 0.014108
iter:  800 loss: 0.418864 disagreement: 0.014023
iter:  900 loss: 0.279195 disagreement: 0.015371
iter:  1000 loss: 0.325196 disagreement: 0.019403
iter:  1100 loss: 0.226805 disagreement: 0.013184
iter:  1200 loss: 0.436815 disagreement: 0.012433
	train_loss: 1.66
===========Epoch 3 's test==========
epoch 3, time: 113.73
	eval score: 68.12 
	current best eval score: 68.12 
lr: 0.002000
===========Epoch 4 's train==========
iter:  0 loss: 0.181928 disagreement: 0.013446
iter:  100 loss: 0.271541 disagreement: 0.016149
iter:  200 loss: 0.279690 disagreement: 0.012174
iter:  300 loss: 0.289847 disagreement: 0.015280
iter:  400 loss: 0.433832 disagreement: 0.013496
iter:  500 loss: 0.336686 disagreement: 0.013064
iter:  600 loss: 0.265752 disagreement: 0.011977
iter:  700 loss: 0.272044 disagreement: 0.010113
iter:  800 loss: 0.366693 disagreement: 0.011721
iter:  900 loss: 0.220282 disagreement: 0.010778
iter:  1000 loss: 0.568392 disagreement: 0.011636
iter:  1100 loss: 0.185587 disagreement: 0.011286
iter:  1200 loss: 0.203785 disagreement: 0.009687
	train_loss: 1.46
===========Epoch 4 's test==========
epoch 4, time: 232.93
	eval score: 68.82 
	current best eval score: 68.82 
lr: 0.002000
===========Epoch 5 's train==========
iter:  0 loss: 0.229959 disagreement: 0.012528
iter:  100 loss: 0.201746 disagreement: 0.011167
iter:  200 loss: 0.176132 disagreement: 0.011354
iter:  300 loss: 0.342887 disagreement: 0.009832
iter:  400 loss: 0.198362 disagreement: 0.011582
iter:  500 loss: 0.155143 disagreement: 0.012040
iter:  600 loss: 0.335813 disagreement: 0.009888
iter:  700 loss: 0.287214 disagreement: 0.011943
iter:  800 loss: 0.261076 disagreement: 0.011101
iter:  900 loss: 0.413917 disagreement: 0.010409
iter:  1000 loss: 0.243620 disagreement: 0.016145
iter:  1100 loss: 0.195676 disagreement: 0.009845
iter:  1200 loss: 0.320571 disagreement: 0.008919
	train_loss: 1.32
===========Epoch 5 's test==========
epoch 5, time: 146.27
	eval score: 68.95 
	current best eval score: 68.95 
lr: 0.002000
===========Epoch 6 's train==========
iter:  0 loss: 0.222711 disagreement: 0.011177
iter:  100 loss: 0.142464 disagreement: 0.010635
iter:  200 loss: 0.230957 disagreement: 0.010929
iter:  300 loss: 0.071013 disagreement: 0.008781
iter:  400 loss: 0.179119 disagreement: 0.011837
iter:  500 loss: 0.200546 disagreement: 0.009362
iter:  600 loss: 0.368104 disagreement: 0.010081
iter:  700 loss: 0.337751 disagreement: 0.009668
iter:  800 loss: 0.160877 disagreement: 0.009048
iter:  900 loss: 0.267793 disagreement: 0.009822
iter:  1000 loss: 0.251345 disagreement: 0.008960
iter:  1100 loss: 0.255843 disagreement: 0.011282
iter:  1200 loss: 0.174295 disagreement: 0.009269
	train_loss: 1.21
===========Epoch 6 's test==========
epoch 6, time: 131.99
	eval score: 69.31 
	current best eval score: 69.31 
lr: 0.002000
===========Epoch 7 's train==========
iter:  0 loss: 0.197274 disagreement: 0.010130
iter:  100 loss: 0.225531 disagreement: 0.008248
iter:  200 loss: 0.277124 disagreement: 0.011967
iter:  300 loss: 0.194583 disagreement: 0.009307
iter:  400 loss: 0.228041 disagreement: 0.008541
iter:  500 loss: 0.177492 disagreement: 0.011865
iter:  600 loss: 0.131247 disagreement: 0.010664
iter:  700 loss: 0.243203 disagreement: 0.011257
iter:  800 loss: 0.320958 disagreement: 0.009125
iter:  900 loss: 0.189110 disagreement: 0.010026
iter:  1000 loss: 0.229264 disagreement: 0.009250
iter:  1100 loss: 0.245668 disagreement: 0.009146
iter:  1200 loss: 0.099031 disagreement: 0.008291
	train_loss: 1.11
===========Epoch 7 's test==========
epoch 7, time: 224.82
	eval score: 69.70 
	current best eval score: 69.70 
lr: 0.002000
===========Epoch 8 's train==========
iter:  0 loss: 0.237534 disagreement: 0.009534
iter:  100 loss: 0.286816 disagreement: 0.009771
iter:  200 loss: 0.130330 disagreement: 0.009307
iter:  300 loss: 0.264759 disagreement: 0.011330
iter:  400 loss: 0.085672 disagreement: 0.009169
iter:  500 loss: 0.187745 disagreement: 0.010999
iter:  600 loss: 0.102983 disagreement: 0.010727
iter:  700 loss: 0.092204 disagreement: 0.009538
iter:  800 loss: 0.333691 disagreement: 0.009190
iter:  900 loss: 0.244442 disagreement: 0.007857
iter:  1000 loss: 0.437008 disagreement: 0.009528
iter:  1100 loss: 0.070887 disagreement: 0.007367
iter:  1200 loss: 0.158433 disagreement: 0.008602
	train_loss: 1.03
===========Epoch 8 's test==========
epoch 8, time: 113.26
	eval score: 72.12 
	current best eval score: 72.12 
lr: 0.002000
===========Epoch 9 's train==========
iter:  0 loss: 0.085435 disagreement: 0.010684
iter:  100 loss: 0.179139 disagreement: 0.009470
iter:  200 loss: 0.110514 disagreement: 0.010746
iter:  300 loss: 0.207986 disagreement: 0.008999
iter:  400 loss: 0.205523 disagreement: 0.010062
iter:  500 loss: 0.112427 disagreement: 0.011904
iter:  600 loss: 0.407452 disagreement: 0.010564
iter:  700 loss: 0.156694 disagreement: 0.008579
iter:  800 loss: 0.081635 disagreement: 0.010472
iter:  900 loss: 0.140187 disagreement: 0.008985
iter:  1000 loss: 0.183903 disagreement: 0.009126
iter:  1100 loss: 0.074528 disagreement: 0.009457
iter:  1200 loss: 0.416352 disagreement: 0.009223
	train_loss: 0.95
===========Epoch 9 's test==========
epoch 9, time: 246.52
	eval score: 70.40 
	current best eval score: 72.12 
decreased lr: 0.0010
===========Epoch 10 's train==========
iter:  0 loss: 0.199629 disagreement: 0.008463
iter:  100 loss: 0.201347 disagreement: 0.009186
iter:  200 loss: 0.116194 disagreement: 0.009160
iter:  300 loss: 0.245513 disagreement: 0.008595
iter:  400 loss: 0.100164 disagreement: 0.008279
iter:  500 loss: 0.219231 disagreement: 0.008097
iter:  600 loss: 0.100001 disagreement: 0.008996
iter:  700 loss: 0.091504 disagreement: 0.008897
iter:  800 loss: 0.154831 disagreement: 0.009870
iter:  900 loss: 0.229175 disagreement: 0.010135
iter:  1000 loss: 0.190705 disagreement: 0.009685
iter:  1100 loss: 0.065481 disagreement: 0.011652
iter:  1200 loss: 0.089638 disagreement: 0.012023
	train_loss: 0.78
===========Epoch 10 's test==========
epoch 10, time: 121.45
	eval score: 72.25 
	current best eval score: 72.25 
lr: 0.001000
===========Epoch 11 's train==========
iter:  0 loss: 0.054637 disagreement: 0.010409
iter:  100 loss: 0.084075 disagreement: 0.010121
iter:  200 loss: 0.212240 disagreement: 0.008955
iter:  300 loss: 0.199069 disagreement: 0.009014
iter:  400 loss: 0.201386 disagreement: 0.008557
iter:  500 loss: 0.110673 disagreement: 0.009578
iter:  600 loss: 0.165565 disagreement: 0.008116
iter:  700 loss: 0.110666 disagreement: 0.009730
iter:  800 loss: 0.175672 disagreement: 0.010427
iter:  900 loss: 0.169171 disagreement: 0.009964
iter:  1000 loss: 0.088432 disagreement: 0.009770
iter:  1100 loss: 0.300941 disagreement: 0.008516
iter:  1200 loss: 0.158910 disagreement: 0.012082
	train_loss: 0.72
===========Epoch 11 's test==========
epoch 11, time: 230.15
	eval score: 73.00 
	current best eval score: 73.00 
decreased lr: 0.0005
===========Epoch 12 's train==========
iter:  0 loss: 0.157954 disagreement: 0.011059
iter:  100 loss: 0.062429 disagreement: 0.008027
iter:  200 loss: 0.278842 disagreement: 0.008729
iter:  300 loss: 0.095032 disagreement: 0.008052
iter:  400 loss: 0.180825 disagreement: 0.007832
iter:  500 loss: 0.106872 disagreement: 0.009046
iter:  600 loss: 0.263372 disagreement: 0.008668
iter:  700 loss: 0.068229 disagreement: 0.009626
iter:  800 loss: 0.176815 disagreement: 0.007479
iter:  900 loss: 0.237978 disagreement: 0.008827
iter:  1000 loss: 0.032361 disagreement: 0.008233
iter:  1100 loss: 0.044452 disagreement: 0.009106
iter:  1200 loss: 0.081025 disagreement: 0.009470
	train_loss: 0.62
===========Epoch 12 's test==========
epoch 12, time: 160.58
	eval score: 73.00 
	current best eval score: 73.00 
lr: 0.000500
===========Epoch 13 's train==========
iter:  0 loss: 0.056900 disagreement: 0.009489
iter:  100 loss: 0.086330 disagreement: 0.007203
iter:  200 loss: 0.022544 disagreement: 0.008605
iter:  300 loss: 0.037324 disagreement: 0.009886
iter:  400 loss: 0.036826 disagreement: 0.007970
iter:  500 loss: 0.172353 disagreement: 0.008586
iter:  600 loss: 0.151046 disagreement: 0.009790
iter:  700 loss: 0.164991 disagreement: 0.008353
iter:  800 loss: 0.054278 disagreement: 0.008929
iter:  900 loss: 0.003386 disagreement: 0.008322
iter:  1000 loss: 0.069965 disagreement: 0.008585
iter:  1100 loss: 0.110597 disagreement: 0.009466
iter:  1200 loss: 0.162212 disagreement: 0.008704
	train_loss: 0.57
===========Epoch 13 's test==========
epoch 13, time: 193.56
	eval score: 72.56 
	current best eval score: 73.00 
decreased lr: 0.0003
===========Epoch 14 's train==========
iter:  0 loss: 0.113622 disagreement: 0.008777
iter:  100 loss: 0.156841 disagreement: 0.009081
iter:  200 loss: 0.196713 disagreement: 0.009271
iter:  300 loss: 0.126780 disagreement: 0.008542
iter:  400 loss: 0.028365 disagreement: 0.009371
iter:  500 loss: 0.353219 disagreement: 0.009101
iter:  600 loss: 0.142792 disagreement: 0.010172
iter:  700 loss: 0.141582 disagreement: 0.008345
iter:  800 loss: 0.119155 disagreement: 0.009165
iter:  900 loss: 0.039162 disagreement: 0.008667
iter:  1000 loss: 0.121765 disagreement: 0.009453
iter:  1100 loss: 0.060467 disagreement: 0.008685
iter:  1200 loss: 0.200661 disagreement: 0.008872
	train_loss: 0.52
===========Epoch 14 's test==========
epoch 14, time: 213.75
	eval score: 73.22 
	current best eval score: 73.22 
lr: 0.000250
===========Epoch 15 's train==========
iter:  0 loss: 0.129931 disagreement: 0.008850
iter:  100 loss: 0.242150 disagreement: 0.009501
iter:  200 loss: 0.098359 disagreement: 0.008991
iter:  300 loss: 0.240143 disagreement: 0.010111
iter:  400 loss: 0.066847 disagreement: 0.008798
iter:  500 loss: 0.069488 disagreement: 0.008549
iter:  600 loss: 0.148794 disagreement: 0.008786
iter:  700 loss: 0.157335 disagreement: 0.009929
iter:  800 loss: 0.076877 disagreement: 0.008309
iter:  900 loss: 0.083907 disagreement: 0.008671
iter:  1000 loss: 0.240828 disagreement: 0.007791
iter:  1100 loss: 0.112914 disagreement: 0.008429
iter:  1200 loss: 0.182113 disagreement: 0.008345
	train_loss: 0.49
===========Epoch 15 's test==========
epoch 15, time: 246.27
	eval score: 73.35 
	current best eval score: 73.35 
decreased lr: 0.0001
===========Epoch 16 's train==========
iter:  0 loss: 0.068973 disagreement: 0.008950
iter:  100 loss: 0.012079 disagreement: 0.008653
iter:  200 loss: 0.033171 disagreement: 0.008952
iter:  300 loss: 0.277270 disagreement: 0.008767
iter:  400 loss: 0.106829 disagreement: 0.009983
iter:  500 loss: 0.174196 disagreement: 0.010002
iter:  600 loss: 0.058176 disagreement: 0.008562
iter:  700 loss: 0.156822 disagreement: 0.009563
iter:  800 loss: 0.231237 disagreement: 0.009023
iter:  900 loss: 0.101857 disagreement: 0.008777
iter:  1000 loss: 0.122824 disagreement: 0.008712
iter:  1100 loss: 0.140739 disagreement: 0.008908
iter:  1200 loss: 0.068915 disagreement: 0.008756
	train_loss: 0.47
===========Epoch 16 's test==========
epoch 16, time: 119.70
	eval score: 73.35 
	current best eval score: 73.35 
lr: 0.000125
===========Epoch 17 's train==========
iter:  0 loss: 0.042686 disagreement: 0.008023
iter:  100 loss: 0.018425 disagreement: 0.008299
iter:  200 loss: 0.090439 disagreement: 0.009184
iter:  300 loss: 0.020608 disagreement: 0.007605
iter:  400 loss: 0.035511 disagreement: 0.008812
iter:  500 loss: 0.133353 disagreement: 0.008445
iter:  600 loss: 0.083994 disagreement: 0.008014
iter:  700 loss: 0.058047 disagreement: 0.008695
iter:  800 loss: 0.157747 disagreement: 0.008547
iter:  900 loss: 0.083068 disagreement: 0.008937
iter:  1000 loss: 0.076667 disagreement: 0.009139
iter:  1100 loss: 0.022027 disagreement: 0.007887
iter:  1200 loss: 0.079173 disagreement: 0.009926
	train_loss: 0.46
===========Epoch 17 's test==========
epoch 17, time: 251.69
	eval score: 73.48 
	current best eval score: 73.48 
decreased lr: 0.0001
===========Epoch 18 's train==========
iter:  0 loss: 0.107788 disagreement: 0.008638
iter:  100 loss: 0.092714 disagreement: 0.009404
iter:  200 loss: 0.165891 disagreement: 0.009677
iter:  300 loss: 0.070776 disagreement: 0.009154
iter:  400 loss: 0.066802 disagreement: 0.008785
iter:  500 loss: 0.046453 disagreement: 0.009922
iter:  600 loss: 0.070363 disagreement: 0.009040
iter:  700 loss: 0.080701 disagreement: 0.008642
iter:  800 loss: 0.055667 disagreement: 0.009251
iter:  900 loss: 0.228443 disagreement: 0.008332
iter:  1000 loss: 0.062414 disagreement: 0.009362
iter:  1100 loss: 0.158321 disagreement: 0.008978
iter:  1200 loss: 0.107024 disagreement: 0.008124
	train_loss: 0.45
===========Epoch 18 's test==========
epoch 18, time: 138.80
	eval score: 73.31 
	current best eval score: 73.48 
lr: 0.000063
===========Epoch 19 's train==========
iter:  0 loss: 0.198037 disagreement: 0.008383
iter:  100 loss: 0.047071 disagreement: 0.008213
iter:  200 loss: 0.119967 disagreement: 0.008698
iter:  300 loss: 0.156671 disagreement: 0.009430
iter:  400 loss: 0.071921 disagreement: 0.008097
iter:  500 loss: 0.036454 disagreement: 0.008525
iter:  600 loss: 0.119631 disagreement: 0.008979
iter:  700 loss: 0.086902 disagreement: 0.007904
iter:  800 loss: 0.057870 disagreement: 0.008907
iter:  900 loss: 0.185426 disagreement: 0.008632
iter:  1000 loss: 0.080909 disagreement: 0.008732
iter:  1100 loss: 0.000087 disagreement: 0.008729
iter:  1200 loss: 0.010158 disagreement: 0.008596
	train_loss: 0.44
===========Epoch 19 's test==========
epoch 19, time: 208.62
	eval score: 73.13 
	current best eval score: 73.48 
decreased lr: 0.0000
===========Epoch 20 's train==========
iter:  0 loss: 0.070767 disagreement: 0.009523
iter:  100 loss: 0.012217 disagreement: 0.008750
iter:  200 loss: 0.106548 disagreement: 0.008617
iter:  300 loss: 0.048949 disagreement: 0.009287
iter:  400 loss: 0.272988 disagreement: 0.008811
iter:  500 loss: 0.093896 disagreement: 0.007826
iter:  600 loss: 0.014857 disagreement: 0.008859
iter:  700 loss: 0.057708 disagreement: 0.009397
iter:  800 loss: 0.041497 disagreement: 0.008054
iter:  900 loss: 0.099241 disagreement: 0.009194
iter:  1000 loss: 0.023315 disagreement: 0.008490
iter:  1100 loss: 0.072452 disagreement: 0.008658
iter:  1200 loss: 0.083422 disagreement: 0.008776
	train_loss: 0.42
===========Epoch 20 's test==========
epoch 20, time: 148.18
	eval score: 73.00 
	current best eval score: 73.48 
lr: 0.000031
===========Epoch 21 's train==========
iter:  0 loss: 0.026244 disagreement: 0.008529
iter:  100 loss: 0.074466 disagreement: 0.007750
iter:  200 loss: 0.120238 disagreement: 0.007963
iter:  300 loss: 0.086846 disagreement: 0.008767
iter:  400 loss: 0.100988 disagreement: 0.007895
iter:  500 loss: 0.072618 disagreement: 0.008490
iter:  600 loss: 0.070903 disagreement: 0.008315
iter:  700 loss: 0.124687 disagreement: 0.008475
iter:  800 loss: 0.021845 disagreement: 0.008706
iter:  900 loss: 0.095910 disagreement: 0.008097
iter:  1000 loss: 0.067973 disagreement: 0.008417
iter:  1100 loss: 0.077352 disagreement: 0.008056
iter:  1200 loss: 0.057344 disagreement: 0.007278
	train_loss: 0.42
===========Epoch 21 's test==========
epoch 21, time: 171.17
	eval score: 73.22 
	current best eval score: 73.48 
decreased lr: 0.0000
===========Epoch 22 's train==========
iter:  0 loss: 0.124086 disagreement: 0.009426
iter:  100 loss: 0.089505 disagreement: 0.008559
iter:  200 loss: 0.061809 disagreement: 0.008154
iter:  300 loss: 0.085219 disagreement: 0.008418
iter:  400 loss: 0.134567 disagreement: 0.008404
iter:  500 loss: 0.075324 disagreement: 0.008752
iter:  600 loss: 0.178527 disagreement: 0.008218
iter:  700 loss: 0.082798 disagreement: 0.007248
iter:  800 loss: 0.181524 disagreement: 0.008651
iter:  900 loss: 0.145503 disagreement: 0.009314
iter:  1000 loss: 0.163071 disagreement: 0.007822
iter:  1100 loss: 0.063020 disagreement: 0.008738
iter:  1200 loss: 0.053117 disagreement: 0.007679
	train_loss: 0.42
===========Epoch 22 's test==========
epoch 22, time: 187.10
	eval score: 73.31 
	current best eval score: 73.48 
lr: 0.000016
===========Epoch 23 's train==========
iter:  0 loss: 0.117462 disagreement: 0.007473
iter:  100 loss: 0.054416 disagreement: 0.007930
iter:  200 loss: 0.172047 disagreement: 0.007900
iter:  300 loss: 0.078113 disagreement: 0.008723
iter:  400 loss: 0.155403 disagreement: 0.008603
iter:  500 loss: 0.046197 disagreement: 0.008293
iter:  600 loss: 0.130038 disagreement: 0.008768
iter:  700 loss: 0.002410 disagreement: 0.007981
iter:  800 loss: 0.051953 disagreement: 0.009453
iter:  900 loss: 0.082616 disagreement: 0.008336
iter:  1000 loss: 0.014669 disagreement: 0.009703
iter:  1100 loss: 0.034132 disagreement: 0.008894
iter:  1200 loss: 0.106541 disagreement: 0.007426
	train_loss: 0.42
===========Epoch 23 's test==========
epoch 23, time: 125.37
	eval score: 73.39 
	current best eval score: 73.48 
decreased lr: 0.0000
===========Epoch 24 's train==========
iter:  0 loss: 0.017892 disagreement: 0.008655
iter:  100 loss: 0.010107 disagreement: 0.008698
iter:  200 loss: 0.172861 disagreement: 0.008391
iter:  300 loss: 0.129075 disagreement: 0.009244
iter:  400 loss: 0.035508 disagreement: 0.008458
iter:  500 loss: 0.097969 disagreement: 0.008388
iter:  600 loss: 0.056711 disagreement: 0.008033
iter:  700 loss: 0.235789 disagreement: 0.008037
iter:  800 loss: 0.102384 disagreement: 0.007584
iter:  900 loss: 0.077769 disagreement: 0.008663
iter:  1000 loss: 0.200864 disagreement: 0.008336
iter:  1100 loss: 0.082151 disagreement: 0.008483
iter:  1200 loss: 0.023415 disagreement: 0.007784
	train_loss: 0.41
===========Epoch 24 's test==========
epoch 24, time: 254.23
	eval score: 73.44 
	current best eval score: 73.48 
lr: 0.000008
===========Epoch 25 's train==========
iter:  0 loss: 0.086545 disagreement: 0.008267
iter:  100 loss: 0.034786 disagreement: 0.007669
iter:  200 loss: 0.074682 disagreement: 0.008435
iter:  300 loss: 0.069030 disagreement: 0.008998
iter:  400 loss: 0.091867 disagreement: 0.008324
iter:  500 loss: 0.025422 disagreement: 0.008386
iter:  600 loss: 0.234606 disagreement: 0.008273
iter:  700 loss: 0.019441 disagreement: 0.009026
iter:  800 loss: 0.005297 disagreement: 0.007406
iter:  900 loss: 0.140007 disagreement: 0.008764
iter:  1000 loss: 0.071930 disagreement: 0.008293
iter:  1100 loss: 0.037696 disagreement: 0.008723
iter:  1200 loss: 0.101404 disagreement: 0.008367
	train_loss: 0.42
===========Epoch 25 's test==========
epoch 25, time: 118.55
	eval score: 73.31 
	current best eval score: 73.48 
decreased lr: 0.0000
===========Epoch 26 's train==========
iter:  0 loss: 0.176920 disagreement: 0.008548
iter:  100 loss: 0.057838 disagreement: 0.008588
iter:  200 loss: 0.065592 disagreement: 0.008344
iter:  300 loss: 0.117991 disagreement: 0.008528
iter:  400 loss: 0.114010 disagreement: 0.009058
iter:  500 loss: 0.069492 disagreement: 0.007733
iter:  600 loss: 0.203400 disagreement: 0.009167
iter:  700 loss: 0.081818 disagreement: 0.008700
iter:  800 loss: 0.049952 disagreement: 0.007395
iter:  900 loss: 0.130363 disagreement: 0.007549
iter:  1000 loss: 0.125730 disagreement: 0.009353
iter:  1100 loss: 0.026243 disagreement: 0.008454
iter:  1200 loss: 0.262712 disagreement: 0.008154
	train_loss: 0.41
===========Epoch 26 's test==========
epoch 26, time: 260.37
	eval score: 73.31 
	current best eval score: 73.48 
lr: 0.000004
===========Epoch 27 's train==========
iter:  0 loss: 0.036762 disagreement: 0.009501
iter:  100 loss: 0.041153 disagreement: 0.009010
iter:  200 loss: 0.115281 disagreement: 0.008016
iter:  300 loss: 0.092692 disagreement: 0.008197
iter:  400 loss: 0.078382 disagreement: 0.008216
iter:  500 loss: 0.024115 disagreement: 0.009216
iter:  600 loss: 0.129807 disagreement: 0.009126
iter:  700 loss: 0.165032 disagreement: 0.007813
iter:  800 loss: 0.085172 disagreement: 0.008024
iter:  900 loss: 0.081090 disagreement: 0.008988
iter:  1000 loss: 0.133193 disagreement: 0.007473
iter:  1100 loss: 0.254595 disagreement: 0.007686
iter:  1200 loss: 0.082168 disagreement: 0.009595
	train_loss: 0.42
===========Epoch 27 's test==========
epoch 27, time: 133.59
	eval score: 73.35 
	current best eval score: 73.48 
decreased lr: 0.0000
===========Epoch 28 's train==========
iter:  0 loss: 0.087227 disagreement: 0.007833
iter:  100 loss: 0.047140 disagreement: 0.010093
iter:  200 loss: 0.095773 disagreement: 0.008435
iter:  300 loss: 0.135326 disagreement: 0.008687
iter:  400 loss: 0.079330 disagreement: 0.007945
iter:  500 loss: 0.113152 disagreement: 0.007950
iter:  600 loss: 0.079487 disagreement: 0.007900
iter:  700 loss: 0.128506 disagreement: 0.007525
iter:  800 loss: 0.024084 disagreement: 0.008144
iter:  900 loss: 0.108793 disagreement: 0.009325
iter:  1000 loss: 0.062054 disagreement: 0.008460
iter:  1100 loss: 0.083867 disagreement: 0.008178
iter:  1200 loss: 0.104529 disagreement: 0.008975
	train_loss: 0.42
===========Epoch 28 's test==========
epoch 28, time: 559.21
	eval score: 73.35 
	current best eval score: 73.48 
lr: 0.000002
===========Epoch 29 's train==========
iter:  0 loss: 0.097890 disagreement: 0.008499
iter:  100 loss: 0.154445 disagreement: 0.008362
iter:  200 loss: 0.089766 disagreement: 0.008167
iter:  300 loss: 0.051539 disagreement: 0.007750
iter:  400 loss: 0.102020 disagreement: 0.008365
iter:  500 loss: 0.023072 disagreement: 0.008387
iter:  600 loss: 0.039377 disagreement: 0.008631
iter:  700 loss: 0.072083 disagreement: 0.008031
iter:  800 loss: 0.159248 disagreement: 0.009328
iter:  900 loss: 0.097981 disagreement: 0.008351
iter:  1000 loss: 0.082598 disagreement: 0.008086
iter:  1100 loss: 0.101768 disagreement: 0.007949
iter:  1200 loss: 0.065750 disagreement: 0.007996
	train_loss: 0.41
===========Epoch 29 's test==========
epoch 29, time: 279.93
	eval score: 73.35 
	current best eval score: 73.48 
lr: 0.000002
===========Epoch 30 's train==========
iter:  0 loss: 0.109886 disagreement: 0.009079
iter:  100 loss: 0.079527 disagreement: 0.008845
iter:  200 loss: 0.069983 disagreement: 0.008243
iter:  300 loss: 0.174198 disagreement: 0.007948
iter:  400 loss: 0.034279 disagreement: 0.008476
iter:  500 loss: 0.058239 disagreement: 0.008959
iter:  600 loss: 0.134123 disagreement: 0.008631
iter:  700 loss: 0.066837 disagreement: 0.008645
iter:  800 loss: 0.094199 disagreement: 0.007703
iter:  900 loss: 0.110290 disagreement: 0.008722
iter:  1000 loss: 0.120724 disagreement: 0.008485
iter:  1100 loss: 0.018201 disagreement: 0.008566
iter:  1200 loss: 0.041571 disagreement: 0.008297
	train_loss: 0.41
===========Epoch 30 's test==========
epoch 30, time: 144.27
	eval score: 73.39 
	current best eval score: 73.48 
lr: 0.000002
===========Epoch 31 's train==========
iter:  0 loss: 0.051016 disagreement: 0.008667
iter:  100 loss: 0.046530 disagreement: 0.008701
iter:  200 loss: 0.035828 disagreement: 0.008396
iter:  300 loss: 0.087954 disagreement: 0.008271
iter:  400 loss: 0.180793 disagreement: 0.008285
iter:  500 loss: 0.025954 disagreement: 0.009325
iter:  600 loss: 0.023424 disagreement: 0.008470
iter:  700 loss: 0.048040 disagreement: 0.009049
iter:  800 loss: 0.019550 disagreement: 0.008059
iter:  900 loss: 0.184160 disagreement: 0.007863
iter:  1000 loss: 0.044610 disagreement: 0.008193
iter:  1100 loss: 0.095298 disagreement: 0.007757
iter:  1200 loss: 0.319790 disagreement: 0.007842
	train_loss: 0.42
===========Epoch 31 's test==========
epoch 31, time: 170.95
	eval score: 73.39 
	current best eval score: 73.48 
lr: 0.000002
===========Epoch 32 's train==========
iter:  0 loss: 0.081151 disagreement: 0.008014
iter:  100 loss: 0.033047 disagreement: 0.009184
iter:  200 loss: 0.021219 disagreement: 0.009291
iter:  300 loss: 0.027428 disagreement: 0.009090
iter:  400 loss: 0.043479 disagreement: 0.009044
iter:  500 loss: 0.071733 disagreement: 0.009540
iter:  600 loss: 0.045122 disagreement: 0.008732
iter:  700 loss: 0.071995 disagreement: 0.008682
iter:  800 loss: 0.031379 disagreement: 0.008940
iter:  900 loss: 0.040405 disagreement: 0.008350
iter:  1000 loss: 0.045290 disagreement: 0.008110
iter:  1100 loss: 0.048718 disagreement: 0.008155
iter:  1200 loss: 0.048645 disagreement: 0.008208
	train_loss: 0.41
===========Epoch 32 's test==========
epoch 32, time: 177.91
	eval score: 73.39 
	current best eval score: 73.48 
lr: 0.000002
===========Epoch 33 's train==========
iter:  0 loss: 0.092074 disagreement: 0.008124
iter:  100 loss: 0.184840 disagreement: 0.009500
iter:  200 loss: 0.067456 disagreement: 0.008228
iter:  300 loss: 0.113731 disagreement: 0.008268
iter:  400 loss: 0.208620 disagreement: 0.008892
iter:  500 loss: 0.040255 disagreement: 0.008398
iter:  600 loss: 0.176001 disagreement: 0.008184
iter:  700 loss: 0.024370 disagreement: 0.008026
iter:  800 loss: 0.097494 disagreement: 0.007829
iter:  900 loss: 0.089457 disagreement: 0.007675
iter:  1000 loss: 0.088942 disagreement: 0.008859
iter:  1100 loss: 0.083738 disagreement: 0.008692
iter:  1200 loss: 0.136019 disagreement: 0.007872
	train_loss: 0.41
===========Epoch 33 's test==========
epoch 33, time: 157.60
	eval score: 73.39 
	current best eval score: 73.48 
lr: 0.000002
===========Epoch 34 's train==========
iter:  0 loss: 0.157448 disagreement: 0.008293
iter:  100 loss: 0.110007 disagreement: 0.008416
iter:  200 loss: 0.153264 disagreement: 0.008991
iter:  300 loss: 0.065815 disagreement: 0.009492
iter:  400 loss: 0.152010 disagreement: 0.008284
iter:  500 loss: 0.069196 disagreement: 0.008321
iter:  600 loss: 0.025783 disagreement: 0.008588
iter:  700 loss: 0.105220 disagreement: 0.008428
iter:  800 loss: 0.043877 disagreement: 0.008561
iter:  900 loss: 0.042509 disagreement: 0.008795
iter:  1000 loss: 0.071651 disagreement: 0.007647
iter:  1100 loss: 0.100991 disagreement: 0.007714
iter:  1200 loss: 0.190242 disagreement: 0.009793
	train_loss: 0.41
===========Epoch 34 's test==========
epoch 34, time: 147.53
	eval score: 73.39 
	current best eval score: 73.48 
lr: 0.000002
===========Epoch 35 's train==========
iter:  0 loss: 0.050413 disagreement: 0.007794
iter:  100 loss: 0.076342 disagreement: 0.008836
iter:  200 loss: 0.059351 disagreement: 0.008787
iter:  300 loss: 0.055231 disagreement: 0.008470
iter:  400 loss: 0.066250 disagreement: 0.007448
iter:  500 loss: 0.042696 disagreement: 0.007519
iter:  600 loss: 0.194263 disagreement: 0.007902
iter:  700 loss: 0.085630 disagreement: 0.009069
iter:  800 loss: 0.097089 disagreement: 0.007760
iter:  900 loss: 0.056341 disagreement: 0.009239
iter:  1000 loss: 0.051203 disagreement: 0.007931
iter:  1100 loss: 0.089470 disagreement: 0.009189
iter:  1200 loss: 0.086486 disagreement: 0.008300
	train_loss: 0.41
===========Epoch 35 's test==========
epoch 35, time: 193.62
	eval score: 73.44 
	current best eval score: 73.48 
lr: 0.000002
===========Epoch 36 's train==========
iter:  0 loss: 0.041447 disagreement: 0.008324
iter:  100 loss: 0.020375 disagreement: 0.007548
iter:  200 loss: 0.137433 disagreement: 0.008342
iter:  300 loss: 0.026203 disagreement: 0.008114
iter:  400 loss: 0.110806 disagreement: 0.007756
iter:  500 loss: 0.043910 disagreement: 0.008871
iter:  600 loss: 0.038141 disagreement: 0.008147
iter:  700 loss: 0.039321 disagreement: 0.008022
iter:  800 loss: 0.030138 disagreement: 0.008694
iter:  900 loss: 0.240512 disagreement: 0.009881
iter:  1000 loss: 0.009221 disagreement: 0.009019
iter:  1100 loss: 0.021298 disagreement: 0.008401
iter:  1200 loss: 0.052364 disagreement: 0.008665
	train_loss: 0.41
===========Epoch 36 's test==========
epoch 36, time: 248.73
	eval score: 73.48 
	current best eval score: 73.48 
lr: 0.000002
===========Epoch 37 's train==========
iter:  0 loss: 0.113917 disagreement: 0.008191
iter:  100 loss: 0.122510 disagreement: 0.009010
iter:  200 loss: 0.199753 disagreement: 0.011042
iter:  300 loss: 0.030490 disagreement: 0.008585
iter:  400 loss: 0.120816 disagreement: 0.007674
iter:  500 loss: 0.050635 disagreement: 0.007835
iter:  600 loss: 0.164770 disagreement: 0.008641
iter:  700 loss: 0.058203 disagreement: 0.008508
iter:  800 loss: 0.020872 disagreement: 0.007317
iter:  900 loss: 0.000087 disagreement: 0.008712
iter:  1000 loss: 0.135893 disagreement: 0.008773
iter:  1100 loss: 0.072937 disagreement: 0.007659
iter:  1200 loss: 0.097330 disagreement: 0.008017
	train_loss: 0.41
===========Epoch 37 's test==========
epoch 37, time: 220.67
	eval score: 73.39 
	current best eval score: 73.48 
lr: 0.000002
===========Epoch 38 's train==========
iter:  0 loss: 0.074035 disagreement: 0.008439
iter:  100 loss: 0.068386 disagreement: 0.008272
iter:  200 loss: 0.272397 disagreement: 0.007946
iter:  300 loss: 0.010812 disagreement: 0.008337
iter:  400 loss: 0.119650 disagreement: 0.007843
iter:  500 loss: 0.157761 disagreement: 0.008369
iter:  600 loss: 0.061578 disagreement: 0.008117
iter:  700 loss: 0.240571 disagreement: 0.008414
iter:  800 loss: 0.044774 disagreement: 0.008006
iter:  900 loss: 0.015902 disagreement: 0.008369
iter:  1000 loss: 0.025491 disagreement: 0.008475
iter:  1100 loss: 0.121649 disagreement: 0.008798
iter:  1200 loss: 0.060557 disagreement: 0.008369
	train_loss: 0.41
===========Epoch 38 's test==========
epoch 38, time: 287.35
	eval score: 73.44 
	current best eval score: 73.48 
lr: 0.000002
===========Epoch 39 's train==========
iter:  0 loss: 0.074054 disagreement: 0.008590
iter:  100 loss: 0.138501 disagreement: 0.008487
iter:  200 loss: 0.101309 disagreement: 0.007827
iter:  300 loss: 0.053393 disagreement: 0.008437
iter:  400 loss: 0.019837 disagreement: 0.008299
iter:  500 loss: 0.018122 disagreement: 0.008444
iter:  600 loss: 0.082123 disagreement: 0.008318
iter:  700 loss: 0.072229 disagreement: 0.007865
iter:  800 loss: 0.177402 disagreement: 0.008322
iter:  900 loss: 0.124056 disagreement: 0.008560
iter:  1000 loss: 0.060502 disagreement: 0.009640
iter:  1100 loss: 0.046695 disagreement: 0.007782
iter:  1200 loss: 0.066079 disagreement: 0.009809
	train_loss: 0.41
===========Epoch 39 's test==========
epoch 39, time: 257.80
	eval score: 73.44 
	current best eval score: 73.48 
lr: 0.000002
===========Epoch 40 's train==========
iter:  0 loss: 0.054216 disagreement: 0.008050
iter:  100 loss: 0.099407 disagreement: 0.007512
iter:  200 loss: 0.185511 disagreement: 0.007845
iter:  300 loss: 0.068878 disagreement: 0.006568
iter:  400 loss: 0.051378 disagreement: 0.009364
iter:  500 loss: 0.042908 disagreement: 0.007850
iter:  600 loss: 0.085875 disagreement: 0.008227
iter:  700 loss: 0.056533 disagreement: 0.009545
iter:  800 loss: 0.045260 disagreement: 0.008056
iter:  900 loss: 0.020036 disagreement: 0.008340
iter:  1000 loss: 0.100865 disagreement: 0.007383
iter:  1100 loss: 0.078945 disagreement: 0.008622
iter:  1200 loss: 0.097192 disagreement: 0.008171
	train_loss: 0.42
===========Epoch 40 's test==========
epoch 40, time: 216.92
	eval score: 73.35 
	current best eval score: 73.48 
lr: 0.000002
===========Epoch 41 's train==========
iter:  0 loss: 0.046260 disagreement: 0.008144
iter:  100 loss: 0.033190 disagreement: 0.009428
iter:  200 loss: 0.057506 disagreement: 0.009420
iter:  300 loss: 0.094989 disagreement: 0.008105
iter:  400 loss: 0.081115 disagreement: 0.009038
iter:  500 loss: 0.093053 disagreement: 0.008252
iter:  600 loss: 0.112826 disagreement: 0.008716
iter:  700 loss: 0.136722 disagreement: 0.008308
iter:  800 loss: 0.237674 disagreement: 0.009302
iter:  900 loss: 0.115822 disagreement: 0.007725
iter:  1000 loss: 0.022570 disagreement: 0.009160
iter:  1100 loss: 0.013702 disagreement: 0.008521
iter:  1200 loss: 0.033049 disagreement: 0.009655
	train_loss: 0.41
===========Epoch 41 's test==========
epoch 41, time: 227.28
	eval score: 73.26 
	current best eval score: 73.48 
lr: 0.000002
===========Epoch 42 's train==========
iter:  0 loss: 0.128536 disagreement: 0.008496
iter:  100 loss: 0.061453 disagreement: 0.008099
iter:  200 loss: 0.231189 disagreement: 0.009110
iter:  300 loss: 0.054292 disagreement: 0.008623
iter:  400 loss: 0.052768 disagreement: 0.008324
iter:  500 loss: 0.056441 disagreement: 0.008999
iter:  600 loss: 0.120809 disagreement: 0.008510
iter:  700 loss: 0.088734 disagreement: 0.008368
iter:  800 loss: 0.046282 disagreement: 0.007739
iter:  900 loss: 0.157083 disagreement: 0.008691
iter:  1000 loss: 0.143342 disagreement: 0.008248
iter:  1100 loss: 0.042498 disagreement: 0.008799
iter:  1200 loss: 0.052299 disagreement: 0.008142
	train_loss: 0.40
===========Epoch 42 's test==========
