[info] putils: Enhanced Deep Learning Putils loaded successfully, enjoy it!
parameters: Namespace(Multi_Choice=5, batch_size=16, epochs=50, feat_category='resnet', feat_path='/hhd12306/chentangming/dataset/tgif/features', glove_file_path='/hhd12306/chentangming/dataset/models/glove/glove.6B.300d.txt', lambda=0.01, max_len=36, model='ParalCoAtt', num_hid=1024, output='saved_models/glimpse%d-subnum%d-reasonstep%d-lambda%s-cg-shuffle/%s', reasonSteps=1, scale=[1024, 512, 256], seed=1000, sentense_file_path='data/dataset', sub_nums=8, task='FrameQA', test_phase=False)
loading dictionary from ./data/frameqa_dict.pkl
loading dictionary done.
exsit path
exsit path
========start train========
optim: adamax lr=0.0010, decay_step=2, decay_rate=0.50, grad_clip=0.25
gradual warmup lr: 0.0005
===========Epoch 0 's train==========
iter:  0 loss: 7.483561 disagreement: 0.612974
iter:  100 loss: 2.601929 disagreement: 0.276499
iter:  200 loss: 2.564275 disagreement: 0.206956
iter:  300 loss: 4.743464 disagreement: 0.096742
iter:  400 loss: 3.471347 disagreement: 0.019642
iter:  500 loss: 2.556507 disagreement: 0.007704
iter:  600 loss: 2.389635 disagreement: 0.013073
iter:  700 loss: 4.031170 disagreement: 0.008060
iter:  800 loss: 3.504648 disagreement: 0.011111
iter:  900 loss: 4.437824 disagreement: 0.011106
iter:  1000 loss: 2.323012 disagreement: 0.015159
iter:  1100 loss: 2.461295 disagreement: 0.016543
iter:  1200 loss: 2.510683 disagreement: 0.015026
iter:  1300 loss: 2.978869 disagreement: 0.007950
iter:  1400 loss: 3.288665 disagreement: 0.012523
iter:  1500 loss: 2.701862 disagreement: 0.017512
iter:  1600 loss: 3.572298 disagreement: 0.011506
iter:  1700 loss: 2.927856 disagreement: 0.012729
iter:  1800 loss: 2.353146 disagreement: 0.013485
iter:  1900 loss: 2.466684 disagreement: 0.011104
iter:  2000 loss: 2.628417 disagreement: 0.007388
iter:  2100 loss: 2.347384 disagreement: 0.006524
iter:  2200 loss: 3.261257 disagreement: 0.006028
iter:  2300 loss: 2.257409 disagreement: 0.005859
iter:  2400 loss: 2.761912 disagreement: 0.008691
	train_loss: 2.93
===========Epoch 0 's test==========
epoch 0, time: 1040.74
	eval score: 48.48 
	current best eval score: 48.48 
gradual warmup lr: 0.0010
===========Epoch 1 's train==========
iter:  0 loss: 2.670687 disagreement: 0.011437
iter:  100 loss: 1.624071 disagreement: 0.003798
iter:  200 loss: 1.559870 disagreement: 0.003850
iter:  300 loss: 2.945550 disagreement: 0.003922
iter:  400 loss: 1.750342 disagreement: 0.006666
iter:  500 loss: 1.407193 disagreement: 0.005912
iter:  600 loss: 4.277550 disagreement: 0.007416
iter:  700 loss: 5.007140 disagreement: 0.007234
iter:  800 loss: 2.305518 disagreement: 0.004964
iter:  900 loss: 2.250080 disagreement: 0.007682
iter:  1000 loss: 2.263032 disagreement: 0.004160
iter:  1100 loss: 1.859056 disagreement: 0.003216
iter:  1200 loss: 2.571704 disagreement: 0.003804
iter:  1300 loss: 3.740767 disagreement: 0.003179
iter:  1400 loss: 1.158254 disagreement: 0.005910
iter:  1500 loss: 2.522544 disagreement: 0.003471
iter:  1600 loss: 1.742780 disagreement: 0.004533
iter:  1700 loss: 2.018869 disagreement: 0.002900
iter:  1800 loss: 1.997676 disagreement: 0.004137
iter:  1900 loss: 2.810610 disagreement: 0.002869
iter:  2000 loss: 2.497478 disagreement: 0.003586
iter:  2100 loss: 1.964610 disagreement: 0.002682
iter:  2200 loss: 1.949926 disagreement: 0.003481
iter:  2300 loss: 2.244832 disagreement: 0.002858
iter:  2400 loss: 2.202008 disagreement: 0.003269
	train_loss: 2.47
===========Epoch 1 's test==========
epoch 1, time: 757.74
	eval score: 49.86 
	current best eval score: 49.86 
gradual warmup lr: 0.0015
===========Epoch 2 's train==========
iter:  0 loss: 1.617646 disagreement: 0.003626
iter:  100 loss: 2.427503 disagreement: 0.003508
iter:  200 loss: 3.582068 disagreement: 0.003374
iter:  300 loss: 1.520941 disagreement: 0.003324
iter:  400 loss: 1.718275 disagreement: 0.007394
iter:  500 loss: 1.973313 disagreement: 0.006469
iter:  600 loss: 2.591555 disagreement: 0.014117
iter:  700 loss: 2.097743 disagreement: 0.006744
iter:  800 loss: 2.407611 disagreement: 0.005763
iter:  900 loss: 2.388067 disagreement: 0.006025
iter:  1000 loss: 1.596495 disagreement: 0.006130
iter:  1100 loss: 1.631174 disagreement: 0.009612
iter:  1200 loss: 1.899816 disagreement: 0.004310
iter:  1300 loss: 1.986557 disagreement: 0.003647
iter:  1400 loss: 2.470386 disagreement: 0.003343
iter:  1500 loss: 2.474817 disagreement: 0.004071
iter:  1600 loss: 3.480910 disagreement: 0.009649
iter:  1700 loss: 3.196928 disagreement: 0.004783
iter:  1800 loss: 3.447466 disagreement: 0.015295
iter:  1900 loss: 3.037950 disagreement: 0.013337
iter:  2000 loss: 1.409158 disagreement: 0.005960
iter:  2100 loss: 2.219324 disagreement: 0.009737
iter:  2200 loss: 2.917152 disagreement: 0.006553
iter:  2300 loss: 2.748004 disagreement: 0.005600
iter:  2400 loss: 2.191596 disagreement: 0.005069
	train_loss: 2.29
===========Epoch 2 's test==========
epoch 2, time: 805.29
	eval score: 51.68 
	current best eval score: 51.68 
gradual warmup lr: 0.0020
===========Epoch 3 's train==========
iter:  0 loss: 2.396842 disagreement: 0.006064
iter:  100 loss: 2.227905 disagreement: 0.003890
iter:  200 loss: 1.983573 disagreement: 0.004578
iter:  300 loss: 1.447367 disagreement: 0.003839
iter:  400 loss: 2.195282 disagreement: 0.005078
iter:  500 loss: 2.257172 disagreement: 0.002574
iter:  600 loss: 1.880503 disagreement: 0.002579
iter:  700 loss: 2.337621 disagreement: 0.002990
iter:  800 loss: 2.142805 disagreement: 0.003373
iter:  900 loss: 1.903565 disagreement: 0.010964
iter:  1000 loss: 1.791653 disagreement: 0.006917
iter:  1100 loss: 2.410005 disagreement: 0.002405
iter:  1200 loss: 0.756509 disagreement: 0.003135
iter:  1300 loss: 1.972721 disagreement: 0.005259
iter:  1400 loss: 1.798004 disagreement: 0.005719
iter:  1500 loss: 1.658713 disagreement: 0.018990
iter:  1600 loss: 2.956818 disagreement: 0.019565
iter:  1700 loss: 1.922273 disagreement: 0.019352
iter:  1800 loss: 3.035796 disagreement: 0.007385
iter:  1900 loss: 2.268305 disagreement: 0.015205
iter:  2000 loss: 0.828544 disagreement: 0.012071
iter:  2100 loss: 2.479751 disagreement: 0.008709
iter:  2200 loss: 2.196630 disagreement: 0.004029
iter:  2300 loss: 1.696582 disagreement: 0.003101
iter:  2400 loss: 1.810981 disagreement: 0.003349
	train_loss: 2.13
===========Epoch 3 's test==========
epoch 3, time: 748.51
	eval score: 52.71 
	current best eval score: 52.71 
lr: 0.002000
===========Epoch 4 's train==========
iter:  0 loss: 3.509863 disagreement: 0.002309
iter:  100 loss: 3.050342 disagreement: 0.002569
iter:  200 loss: 1.672213 disagreement: 0.002059
iter:  300 loss: 2.492884 disagreement: 0.002061
iter:  400 loss: 1.263748 disagreement: 0.001764
iter:  500 loss: 2.641684 disagreement: 0.001886
iter:  600 loss: 1.550625 disagreement: 0.030835
iter:  700 loss: 2.033280 disagreement: 0.006967
iter:  800 loss: 1.280286 disagreement: 0.004028
iter:  900 loss: 2.218348 disagreement: 0.008181
iter:  1000 loss: 1.824934 disagreement: 0.001978
iter:  1100 loss: 1.868688 disagreement: 0.001636
iter:  1200 loss: 1.616726 disagreement: 0.002342
iter:  1300 loss: 1.678767 disagreement: 0.003404
iter:  1400 loss: 1.640607 disagreement: 0.004490
iter:  1500 loss: 2.623445 disagreement: 0.006281
iter:  1600 loss: 1.778290 disagreement: 0.006018
iter:  1700 loss: 2.545439 disagreement: 0.006116
iter:  1800 loss: 2.777783 disagreement: 0.004987
iter:  1900 loss: 1.372485 disagreement: 0.005434
iter:  2000 loss: 2.403733 disagreement: 0.002300
iter:  2100 loss: 1.791203 disagreement: 0.002935
iter:  2200 loss: 1.935917 disagreement: 0.001384
iter:  2300 loss: 1.851332 disagreement: 0.001315
iter:  2400 loss: 1.712757 disagreement: 0.001823
	train_loss: 1.99
===========Epoch 4 's test==========
epoch 4, time: 742.80
	eval score: 54.54 
	current best eval score: 54.54 
lr: 0.002000
===========Epoch 5 's train==========
iter:  0 loss: 2.182396 disagreement: 0.002110
iter:  100 loss: 1.833585 disagreement: 0.000930
iter:  200 loss: 2.329784 disagreement: 0.002770
iter:  300 loss: 2.316501 disagreement: 0.002668
iter:  400 loss: 2.290509 disagreement: 0.002685
iter:  500 loss: 2.286335 disagreement: 0.002772
iter:  600 loss: 1.087075 disagreement: 0.002916
iter:  700 loss: 0.695390 disagreement: 0.001950
iter:  800 loss: 2.069446 disagreement: 0.003219
iter:  900 loss: 2.799490 disagreement: 0.002453
iter:  1000 loss: 1.946574 disagreement: 0.002302
iter:  1100 loss: 1.443264 disagreement: 0.003659
iter:  1200 loss: 2.872803 disagreement: 0.004920
iter:  1300 loss: 1.846252 disagreement: 0.002386
iter:  1400 loss: 3.155213 disagreement: 0.002950
iter:  1500 loss: 1.670767 disagreement: 0.002407
iter:  1600 loss: 1.361755 disagreement: 0.001659
iter:  1700 loss: 1.469622 disagreement: 0.002644
iter:  1800 loss: 1.677239 disagreement: 0.002069
iter:  1900 loss: 2.512292 disagreement: 0.002341
iter:  2000 loss: 1.887311 disagreement: 0.001812
iter:  2100 loss: 1.049693 disagreement: 0.001004
iter:  2200 loss: 2.583142 disagreement: 0.002965
iter:  2300 loss: 3.749882 disagreement: 0.004387
iter:  2400 loss: 1.710119 disagreement: 0.004427
	train_loss: 1.88
===========Epoch 5 's test==========
epoch 5, time: 753.43
	eval score: 55.02 
	current best eval score: 55.02 
lr: 0.002000
===========Epoch 6 's train==========
iter:  0 loss: 1.299074 disagreement: 0.005533
iter:  100 loss: 2.188595 disagreement: 0.003560
iter:  200 loss: 1.792335 disagreement: 0.002694
iter:  300 loss: 1.098591 disagreement: 0.003017
iter:  400 loss: 1.229290 disagreement: 0.003311
iter:  500 loss: 1.229794 disagreement: 0.004296
iter:  600 loss: 1.912864 disagreement: 0.004700
iter:  700 loss: 1.970078 disagreement: 0.002388
iter:  800 loss: 1.238574 disagreement: 0.003440
iter:  900 loss: 1.311941 disagreement: 0.004814
iter:  1000 loss: 1.072178 disagreement: 0.004119
iter:  1100 loss: 1.421552 disagreement: 0.003838
iter:  1200 loss: 1.540104 disagreement: 0.004758
iter:  1300 loss: 1.993739 disagreement: 0.004547
iter:  1400 loss: 2.801076 disagreement: 0.004539
iter:  1500 loss: 0.780512 disagreement: 0.003334
iter:  1600 loss: 2.190359 disagreement: 0.001022
iter:  1700 loss: 2.015055 disagreement: 0.002145
iter:  1800 loss: 1.791354 disagreement: 0.002731
iter:  1900 loss: 1.593951 disagreement: 0.001789
iter:  2000 loss: 1.435518 disagreement: 0.002191
iter:  2100 loss: 1.027967 disagreement: 0.001747
iter:  2200 loss: 1.744222 disagreement: 0.003660
iter:  2300 loss: 1.520209 disagreement: 0.002017
iter:  2400 loss: 1.424788 disagreement: 0.003161
	train_loss: 1.79
===========Epoch 6 's test==========
epoch 6, time: 759.59
	eval score: 55.45 
	current best eval score: 55.45 
lr: 0.002000
===========Epoch 7 's train==========
iter:  0 loss: 1.928625 disagreement: 0.003791
iter:  100 loss: 1.912669 disagreement: 0.003133
iter:  200 loss: 2.680447 disagreement: 0.003602
iter:  300 loss: 1.738054 disagreement: 0.003389
iter:  400 loss: 2.592246 disagreement: 0.003236
iter:  500 loss: 1.112138 disagreement: 0.004097
iter:  600 loss: 1.217427 disagreement: 0.004227
iter:  700 loss: 2.574266 disagreement: 0.002426
iter:  800 loss: 2.089520 disagreement: 0.005287
iter:  900 loss: 1.463223 disagreement: 0.005375
iter:  1000 loss: 2.462991 disagreement: 0.004167
iter:  1100 loss: 2.159662 disagreement: 0.004100
iter:  1200 loss: 1.932925 disagreement: 0.003153
iter:  1300 loss: 1.076367 disagreement: 0.004898
iter:  1400 loss: 1.867448 disagreement: 0.004191
iter:  1500 loss: 2.041097 disagreement: 0.004944
iter:  1600 loss: 1.577054 disagreement: 0.005765
iter:  1700 loss: 1.829897 disagreement: 0.005194
iter:  1800 loss: 2.105432 disagreement: 0.004562
iter:  1900 loss: 2.024472 disagreement: 0.004844
iter:  2000 loss: 1.542173 disagreement: 0.006120
iter:  2100 loss: 0.801747 disagreement: 0.008923
iter:  2200 loss: 1.592931 disagreement: 0.005394
iter:  2300 loss: 1.735410 disagreement: 0.006208
iter:  2400 loss: 1.873278 disagreement: 0.008817
	train_loss: 1.71
===========Epoch 7 's test==========
epoch 7, time: 743.47
	eval score: 56.58 
	current best eval score: 56.58 
lr: 0.002000
===========Epoch 8 's train==========
iter:  0 loss: 1.407935 disagreement: 0.007555
iter:  100 loss: 1.235949 disagreement: 0.007779
iter:  200 loss: 1.548077 disagreement: 0.011656
iter:  300 loss: 1.213598 disagreement: 0.011552
iter:  400 loss: 1.036803 disagreement: 0.009655
iter:  500 loss: 2.529127 disagreement: 0.010862
iter:  600 loss: 2.146611 disagreement: 0.011465
iter:  700 loss: 2.584449 disagreement: 0.013177
iter:  800 loss: 1.660674 disagreement: 0.019265
iter:  900 loss: 2.471411 disagreement: 0.018129
iter:  1000 loss: 1.280484 disagreement: 0.017082
iter:  1100 loss: 2.199349 disagreement: 0.020318
iter:  1200 loss: 1.969643 disagreement: 0.020522
iter:  1300 loss: 1.530960 disagreement: 0.019790
iter:  1400 loss: 1.478346 disagreement: 0.017021
iter:  1500 loss: 2.145740 disagreement: 0.013847
iter:  1600 loss: 2.010966 disagreement: 0.025347
iter:  1700 loss: 1.978129 disagreement: 0.023577
iter:  1800 loss: 1.435130 disagreement: 0.020964
iter:  1900 loss: 1.390344 disagreement: 0.025004
iter:  2000 loss: 2.461201 disagreement: 0.021699
iter:  2100 loss: 1.383074 disagreement: 0.019639
iter:  2200 loss: 1.448292 disagreement: 0.029016
iter:  2300 loss: 1.559035 disagreement: 0.019803
iter:  2400 loss: 1.000737 disagreement: 0.029249
	train_loss: 1.63
===========Epoch 8 's test==========
epoch 8, time: 780.79
	eval score: 56.85 
	current best eval score: 56.85 
lr: 0.002000
===========Epoch 9 's train==========
iter:  0 loss: 2.042899 disagreement: 0.027506
iter:  100 loss: 2.067235 disagreement: 0.040089
iter:  200 loss: 2.545238 disagreement: 0.032942
iter:  300 loss: 1.582048 disagreement: 0.019036
iter:  400 loss: 2.091764 disagreement: 0.024902
iter:  500 loss: 1.236479 disagreement: 0.020971
iter:  600 loss: 0.516182 disagreement: 0.031726
iter:  700 loss: 1.491454 disagreement: 0.019700
iter:  800 loss: 2.037012 disagreement: 0.012811
iter:  900 loss: 2.135182 disagreement: 0.012202
iter:  1000 loss: 1.690325 disagreement: 0.017780
iter:  1100 loss: 1.818363 disagreement: 0.012979
iter:  1200 loss: 1.772365 disagreement: 0.020590
iter:  1300 loss: 1.158249 disagreement: 0.044738
iter:  1400 loss: 2.083125 disagreement: 0.045560
iter:  1500 loss: 2.375413 disagreement: 0.029032
iter:  1600 loss: 1.067419 disagreement: 0.019400
iter:  1700 loss: 1.965606 disagreement: 0.041453
iter:  1800 loss: 0.538318 disagreement: 0.053396
iter:  1900 loss: 0.908929 disagreement: 0.039556
iter:  2000 loss: 1.143244 disagreement: 0.067184
iter:  2100 loss: 1.691314 disagreement: 0.047422
iter:  2200 loss: 1.766649 disagreement: 0.036992
iter:  2300 loss: 1.662212 disagreement: 0.030910
iter:  2400 loss: 1.880419 disagreement: 0.060729
	train_loss: 1.57
===========Epoch 9 's test==========
epoch 9, time: 742.84
	eval score: 56.74 
	current best eval score: 56.85 
decreased lr: 0.0010
===========Epoch 10 's train==========
iter:  0 loss: 0.839199 disagreement: 0.020332
iter:  100 loss: 0.802660 disagreement: 0.014407
iter:  200 loss: 2.151023 disagreement: 0.019941
iter:  300 loss: 2.083839 disagreement: 0.019138
iter:  400 loss: 1.814681 disagreement: 0.028186
iter:  500 loss: 1.493261 disagreement: 0.059822
iter:  600 loss: 1.071631 disagreement: 0.029662
iter:  700 loss: 2.148864 disagreement: 0.020777
iter:  800 loss: 1.470137 disagreement: 0.030963
iter:  900 loss: 1.723061 disagreement: 0.026437
iter:  1000 loss: 2.346151 disagreement: 0.016638
iter:  1100 loss: 1.902587 disagreement: 0.021983
iter:  1200 loss: 1.593141 disagreement: 0.041555
iter:  1300 loss: 1.810354 disagreement: 0.051626
iter:  1400 loss: 1.461293 disagreement: 0.054390
iter:  1500 loss: 1.942169 disagreement: 0.059713
iter:  1600 loss: 2.084095 disagreement: 0.051793
iter:  1700 loss: 0.962360 disagreement: 0.039075
iter:  1800 loss: 2.168705 disagreement: 0.067245
iter:  1900 loss: 2.199853 disagreement: 0.052619
iter:  2000 loss: 0.872510 disagreement: 0.087868
iter:  2100 loss: 1.028208 disagreement: 0.112165
iter:  2200 loss: 1.731796 disagreement: 0.098653
iter:  2300 loss: 1.858181 disagreement: 0.051604
iter:  2400 loss: 0.501716 disagreement: 0.074512
	train_loss: 1.46
===========Epoch 10 's test==========
epoch 10, time: 729.02
	eval score: 57.76 
	current best eval score: 57.76 
lr: 0.001000
===========Epoch 11 's train==========
iter:  0 loss: 1.135269 disagreement: 0.076413
iter:  100 loss: 1.526387 disagreement: 0.077929
iter:  200 loss: 0.451690 disagreement: 0.051579
iter:  300 loss: 1.065327 disagreement: 0.041979
iter:  400 loss: 1.876235 disagreement: 0.074410
iter:  500 loss: 1.509987 disagreement: 0.092089
iter:  600 loss: 1.379679 disagreement: 0.116600
iter:  700 loss: 1.858295 disagreement: 0.079647
iter:  800 loss: 2.068982 disagreement: 0.112633
iter:  900 loss: 0.706705 disagreement: 0.034991
iter:  1000 loss: 1.316639 disagreement: 0.067739
iter:  1100 loss: 0.854156 disagreement: 0.070003
iter:  1200 loss: 1.521957 disagreement: 0.057127
iter:  1300 loss: 0.903114 disagreement: 0.029936
iter:  1400 loss: 1.667731 disagreement: 0.025374
iter:  1500 loss: 0.919082 disagreement: 0.019865
iter:  1600 loss: 0.697069 disagreement: 0.014219
iter:  1700 loss: 1.844254 disagreement: 0.015818
iter:  1800 loss: 1.657015 disagreement: 0.020181
iter:  1900 loss: 0.675869 disagreement: 0.021057
iter:  2000 loss: 1.875014 disagreement: 0.017636
iter:  2100 loss: 1.609354 disagreement: 0.009599
iter:  2200 loss: 1.424694 disagreement: 0.011230
iter:  2300 loss: 1.262069 disagreement: 0.012085
iter:  2400 loss: 2.051352 disagreement: 0.036487
	train_loss: 1.40
===========Epoch 11 's test==========
epoch 11, time: 725.15
	eval score: 57.79 
	current best eval score: 57.79 
decreased lr: 0.0005
===========Epoch 12 's train==========
iter:  0 loss: 2.698647 disagreement: 0.011985
iter:  100 loss: 1.156815 disagreement: 0.013829
iter:  200 loss: 1.658261 disagreement: 0.019418
iter:  300 loss: 2.306504 disagreement: 0.022743
iter:  400 loss: 1.459005 disagreement: 0.013711
iter:  500 loss: 1.466402 disagreement: 0.015283
iter:  600 loss: 1.382234 disagreement: 0.022756
iter:  700 loss: 2.108474 disagreement: 0.018228
iter:  800 loss: 1.652589 disagreement: 0.018980
iter:  900 loss: 1.910811 disagreement: 0.014902
iter:  1000 loss: 1.541238 disagreement: 0.022017
iter:  1100 loss: 1.304950 disagreement: 0.017432
iter:  1200 loss: 1.365275 disagreement: 0.021149
iter:  1300 loss: 1.668587 disagreement: 0.014046
iter:  1400 loss: 1.301618 disagreement: 0.024961
iter:  1500 loss: 1.324489 disagreement: 0.026556
iter:  1600 loss: 1.516951 disagreement: 0.028962
iter:  1700 loss: 1.235876 disagreement: 0.027292
iter:  1800 loss: 1.398578 disagreement: 0.022565
iter:  1900 loss: 1.613405 disagreement: 0.029015
iter:  2000 loss: 2.059492 disagreement: 0.021135
iter:  2100 loss: 0.341464 disagreement: 0.052012
iter:  2200 loss: 0.867697 disagreement: 0.019175
iter:  2300 loss: 1.587478 disagreement: 0.014552
iter:  2400 loss: 0.884779 disagreement: 0.021540
	train_loss: 1.34
===========Epoch 12 's test==========
epoch 12, time: 741.02
	eval score: 57.78 
	current best eval score: 57.79 
lr: 0.000500
===========Epoch 13 's train==========
iter:  0 loss: 1.671439 disagreement: 0.018057
iter:  100 loss: 1.540229 disagreement: 0.015491
iter:  200 loss: 0.735286 disagreement: 0.025537
iter:  300 loss: 0.967809 disagreement: 0.017713
iter:  400 loss: 1.344952 disagreement: 0.014712
iter:  500 loss: 1.170709 disagreement: 0.018992
iter:  600 loss: 0.991148 disagreement: 0.017715
iter:  700 loss: 0.846771 disagreement: 0.023830
iter:  800 loss: 1.047761 disagreement: 0.013153
iter:  900 loss: 2.131864 disagreement: 0.017102
iter:  1000 loss: 1.226948 disagreement: 0.019393
iter:  1100 loss: 2.188612 disagreement: 0.015001
iter:  1200 loss: 1.351226 disagreement: 0.014400
iter:  1300 loss: 1.509679 disagreement: 0.016364
iter:  1400 loss: 1.374722 disagreement: 0.024299
iter:  1500 loss: 1.603943 disagreement: 0.016857
iter:  1600 loss: 1.613461 disagreement: 0.016041
iter:  1700 loss: 1.061630 disagreement: 0.023183
iter:  1800 loss: 0.684634 disagreement: 0.033650
iter:  1900 loss: 1.340338 disagreement: 0.019334
iter:  2000 loss: 0.916853 disagreement: 0.017326
iter:  2100 loss: 1.810914 disagreement: 0.029677
iter:  2200 loss: 1.305216 disagreement: 0.027804
iter:  2300 loss: 1.549565 disagreement: 0.028316
iter:  2400 loss: 0.897875 disagreement: 0.041292
	train_loss: 1.31
===========Epoch 13 's test==========
epoch 13, time: 745.42
	eval score: 57.83 
	current best eval score: 57.83 
decreased lr: 0.0003
===========Epoch 14 's train==========
iter:  0 loss: 1.968819 disagreement: 0.048782
iter:  100 loss: 2.012264 disagreement: 0.041219
iter:  200 loss: 0.413365 disagreement: 0.030277
iter:  300 loss: 2.251503 disagreement: 0.016500
iter:  400 loss: 1.101196 disagreement: 0.033726
iter:  500 loss: 1.906942 disagreement: 0.024865
iter:  600 loss: 0.775060 disagreement: 0.019645
iter:  700 loss: 1.849335 disagreement: 0.028111
iter:  800 loss: 0.948567 disagreement: 0.033617
iter:  900 loss: 0.942107 disagreement: 0.028415
iter:  1000 loss: 1.348538 disagreement: 0.038606
iter:  1100 loss: 1.444722 disagreement: 0.027796
iter:  1200 loss: 1.696901 disagreement: 0.029300
iter:  1300 loss: 1.310369 disagreement: 0.028497
iter:  1400 loss: 2.005994 disagreement: 0.017987
iter:  1500 loss: 0.636316 disagreement: 0.022701
iter:  1600 loss: 1.631684 disagreement: 0.019291
iter:  1700 loss: 1.861170 disagreement: 0.015540
iter:  1800 loss: 1.677027 disagreement: 0.015424
iter:  1900 loss: 1.268295 disagreement: 0.042310
iter:  2000 loss: 0.920502 disagreement: 0.030785
iter:  2100 loss: 0.969011 disagreement: 0.014777
iter:  2200 loss: 0.931780 disagreement: 0.028597
iter:  2300 loss: 0.585970 disagreement: 0.018895
iter:  2400 loss: 0.997316 disagreement: 0.021409
	train_loss: 1.27
===========Epoch 14 's test==========
epoch 14, time: 762.89
	eval score: 57.85 
	current best eval score: 57.85 
lr: 0.000250
===========Epoch 15 's train==========
iter:  0 loss: 1.649339 disagreement: 0.011669
iter:  100 loss: 1.692200 disagreement: 0.028885
iter:  200 loss: 1.247447 disagreement: 0.026688
iter:  300 loss: 1.141228 disagreement: 0.050342
iter:  400 loss: 1.801124 disagreement: 0.015334
iter:  500 loss: 1.718682 disagreement: 0.016390
iter:  600 loss: 1.128981 disagreement: 0.014771
iter:  700 loss: 1.475036 disagreement: 0.021534
iter:  800 loss: 1.367075 disagreement: 0.033201
iter:  900 loss: 1.558590 disagreement: 0.033085
iter:  1000 loss: 1.578686 disagreement: 0.019940
iter:  1100 loss: 1.860194 disagreement: 0.033470
iter:  1200 loss: 1.431940 disagreement: 0.048672
iter:  1300 loss: 0.867901 disagreement: 0.017881
iter:  1400 loss: 0.816323 disagreement: 0.030216
iter:  1500 loss: 0.771502 disagreement: 0.030084
iter:  1600 loss: 0.390691 disagreement: 0.016524
iter:  1700 loss: 1.149037 disagreement: 0.024251
iter:  1800 loss: 1.088396 disagreement: 0.014708
iter:  1900 loss: 1.846147 disagreement: 0.018044
iter:  2000 loss: 2.244586 disagreement: 0.014303
iter:  2100 loss: 0.856302 disagreement: 0.009845
iter:  2200 loss: 1.461295 disagreement: 0.014558
iter:  2300 loss: 1.295254 disagreement: 0.012850
iter:  2400 loss: 0.553103 disagreement: 0.016085
	train_loss: 1.25
===========Epoch 15 's test==========
epoch 15, time: 748.70
	eval score: 57.94 
	current best eval score: 57.94 
decreased lr: 0.0001
===========Epoch 16 's train==========
iter:  0 loss: 0.879653 disagreement: 0.011826
iter:  100 loss: 1.843021 disagreement: 0.016308
iter:  200 loss: 0.872799 disagreement: 0.011975
iter:  300 loss: 0.909262 disagreement: 0.013867
iter:  400 loss: 1.408936 disagreement: 0.014566
iter:  500 loss: 1.855187 disagreement: 0.026520
iter:  600 loss: 1.086075 disagreement: 0.023761
iter:  700 loss: 1.898596 disagreement: 0.025211
iter:  800 loss: 0.654072 disagreement: 0.013081
iter:  900 loss: 1.758609 disagreement: 0.022170
iter:  1000 loss: 0.970312 disagreement: 0.014678
iter:  1100 loss: 1.511831 disagreement: 0.020319
iter:  1200 loss: 0.651512 disagreement: 0.011134
iter:  1300 loss: 1.508169 disagreement: 0.024249
iter:  1400 loss: 1.592560 disagreement: 0.023902
iter:  1500 loss: 0.927573 disagreement: 0.012916
iter:  1600 loss: 1.667986 disagreement: 0.010917
iter:  1700 loss: 1.036080 disagreement: 0.010855
iter:  1800 loss: 1.124577 disagreement: 0.018939
iter:  1900 loss: 1.287772 disagreement: 0.025487
iter:  2000 loss: 1.027229 disagreement: 0.013309
iter:  2100 loss: 2.268821 disagreement: 0.012349
iter:  2200 loss: 0.794839 disagreement: 0.021808
iter:  2300 loss: 1.579992 disagreement: 0.018496
iter:  2400 loss: 1.412843 disagreement: 0.013657
	train_loss: 1.23
===========Epoch 16 's test==========
epoch 16, time: 725.03
	eval score: 58.18 
	current best eval score: 58.18 
lr: 0.000125
===========Epoch 17 's train==========
iter:  0 loss: 0.947226 disagreement: 0.014762
iter:  100 loss: 0.996141 disagreement: 0.013473
iter:  200 loss: 1.799804 disagreement: 0.016362
iter:  300 loss: 0.821144 disagreement: 0.019509
iter:  400 loss: 0.979675 disagreement: 0.010697
iter:  500 loss: 1.671958 disagreement: 0.012683
iter:  600 loss: 1.133024 disagreement: 0.021714
iter:  700 loss: 0.747987 disagreement: 0.020121
iter:  800 loss: 1.550875 disagreement: 0.012342
iter:  900 loss: 1.023170 disagreement: 0.013934
iter:  1000 loss: 1.773813 disagreement: 0.012921
iter:  1100 loss: 1.436870 disagreement: 0.014196
iter:  1200 loss: 1.103477 disagreement: 0.013131
iter:  1300 loss: 2.173700 disagreement: 0.013083
iter:  1400 loss: 1.595716 disagreement: 0.018080
iter:  1500 loss: 1.726376 disagreement: 0.010065
iter:  1600 loss: 1.456476 disagreement: 0.013284
iter:  1700 loss: 1.448310 disagreement: 0.014150
iter:  1800 loss: 0.668745 disagreement: 0.012840
iter:  1900 loss: 1.196255 disagreement: 0.011747
iter:  2000 loss: 1.795015 disagreement: 0.013664
iter:  2100 loss: 1.936868 disagreement: 0.010908
iter:  2200 loss: 1.067697 disagreement: 0.016856
iter:  2300 loss: 1.035654 disagreement: 0.012355
iter:  2400 loss: 0.569218 disagreement: 0.017107
	train_loss: 1.22
===========Epoch 17 's test==========
epoch 17, time: 727.37
	eval score: 58.16 
	current best eval score: 58.18 
decreased lr: 0.0001
===========Epoch 18 's train==========
iter:  0 loss: 0.981550 disagreement: 0.015958
iter:  100 loss: 0.760609 disagreement: 0.014715
iter:  200 loss: 1.098367 disagreement: 0.013760
iter:  300 loss: 1.740862 disagreement: 0.017682
iter:  400 loss: 1.148701 disagreement: 0.012429
iter:  500 loss: 1.155076 disagreement: 0.015684
iter:  600 loss: 1.090054 disagreement: 0.026326
iter:  700 loss: 1.417041 disagreement: 0.013053
iter:  800 loss: 1.018942 disagreement: 0.011447
iter:  900 loss: 0.922042 disagreement: 0.011233
iter:  1000 loss: 1.206367 disagreement: 0.010812
iter:  1100 loss: 1.145783 disagreement: 0.014868
iter:  1200 loss: 1.431006 disagreement: 0.011758
iter:  1300 loss: 0.877098 disagreement: 0.014716
iter:  1400 loss: 1.081976 disagreement: 0.017000
iter:  1500 loss: 1.257228 disagreement: 0.018466
iter:  1600 loss: 1.373768 disagreement: 0.015970
iter:  1700 loss: 1.949600 disagreement: 0.020850
iter:  1800 loss: 1.379648 disagreement: 0.023451
iter:  1900 loss: 0.545197 disagreement: 0.021429
iter:  2000 loss: 1.481036 disagreement: 0.011306
iter:  2100 loss: 1.178528 disagreement: 0.010073
iter:  2200 loss: 0.877855 disagreement: 0.013155
iter:  2300 loss: 0.421464 disagreement: 0.019028
iter:  2400 loss: 0.810082 disagreement: 0.018042
	train_loss: 1.21
===========Epoch 18 's test==========
epoch 18, time: 742.35
	eval score: 58.05 
	current best eval score: 58.18 
lr: 0.000063
===========Epoch 19 's train==========
iter:  0 loss: 1.746872 disagreement: 0.012266
iter:  100 loss: 1.577279 disagreement: 0.015586
iter:  200 loss: 1.477646 disagreement: 0.015541
iter:  300 loss: 2.210740 disagreement: 0.010056
iter:  400 loss: 0.993855 disagreement: 0.018879
iter:  500 loss: 1.006783 disagreement: 0.018311
iter:  600 loss: 0.575670 disagreement: 0.015248
iter:  700 loss: 0.639126 disagreement: 0.016821
iter:  800 loss: 1.406793 disagreement: 0.011790
iter:  900 loss: 1.082212 disagreement: 0.010647
iter:  1000 loss: 1.570412 disagreement: 0.009196
iter:  1100 loss: 0.664403 disagreement: 0.015397
iter:  1200 loss: 0.665547 disagreement: 0.017187
iter:  1300 loss: 1.194023 disagreement: 0.014736
iter:  1400 loss: 0.690819 disagreement: 0.017406
iter:  1500 loss: 2.041487 disagreement: 0.010066
iter:  1600 loss: 1.464465 disagreement: 0.009799
iter:  1700 loss: 1.003645 disagreement: 0.008085
iter:  1800 loss: 1.401887 disagreement: 0.016466
iter:  1900 loss: 2.291286 disagreement: 0.016479
iter:  2000 loss: 1.336414 disagreement: 0.020949
iter:  2100 loss: 1.606166 disagreement: 0.014389
iter:  2200 loss: 1.359141 disagreement: 0.014147
iter:  2300 loss: 1.674137 disagreement: 0.012537
iter:  2400 loss: 1.582714 disagreement: 0.020648
	train_loss: 1.20
===========Epoch 19 's test==========
epoch 19, time: 741.36
	eval score: 58.07 
	current best eval score: 58.18 
decreased lr: 0.0000
===========Epoch 20 's train==========
iter:  0 loss: 0.887660 disagreement: 0.009687
iter:  100 loss: 1.377389 disagreement: 0.013329
iter:  200 loss: 1.927022 disagreement: 0.017057
iter:  300 loss: 0.705480 disagreement: 0.010392
iter:  400 loss: 1.163894 disagreement: 0.011099
iter:  500 loss: 1.286477 disagreement: 0.016036
iter:  600 loss: 1.355749 disagreement: 0.014949
iter:  700 loss: 1.013335 disagreement: 0.009662
iter:  800 loss: 1.938576 disagreement: 0.015560
iter:  900 loss: 0.865400 disagreement: 0.011390
iter:  1000 loss: 0.558535 disagreement: 0.011682
iter:  1100 loss: 1.230971 disagreement: 0.013021
iter:  1200 loss: 1.450348 disagreement: 0.008984
iter:  1300 loss: 0.863952 disagreement: 0.020383
iter:  1400 loss: 1.428385 disagreement: 0.011911
iter:  1500 loss: 0.699975 disagreement: 0.010551
iter:  1600 loss: 2.121125 disagreement: 0.016766
iter:  1700 loss: 0.977480 disagreement: 0.017062
iter:  1800 loss: 0.614745 disagreement: 0.015158
iter:  1900 loss: 0.801128 disagreement: 0.012916
iter:  2000 loss: 1.107615 disagreement: 0.011817
iter:  2100 loss: 1.057452 disagreement: 0.014116
iter:  2200 loss: 1.839965 disagreement: 0.015890
iter:  2300 loss: 1.721773 disagreement: 0.009213
iter:  2400 loss: 0.361906 disagreement: 0.026917
	train_loss: 1.20
===========Epoch 20 's test==========
epoch 20, time: 732.58
	eval score: 58.07 
	current best eval score: 58.18 
lr: 0.000031
===========Epoch 21 's train==========
iter:  0 loss: 0.975569 disagreement: 0.015223
iter:  100 loss: 0.967888 disagreement: 0.018744
iter:  200 loss: 1.240349 disagreement: 0.023062
iter:  300 loss: 0.811996 disagreement: 0.014544
iter:  400 loss: 1.180432 disagreement: 0.013653
iter:  500 loss: 1.665151 disagreement: 0.013812
iter:  600 loss: 1.766750 disagreement: 0.015155
iter:  700 loss: 0.416552 disagreement: 0.014360
iter:  800 loss: 1.276863 disagreement: 0.021465
iter:  900 loss: 1.598474 disagreement: 0.012085
iter:  1000 loss: 1.082185 disagreement: 0.013640
iter:  1100 loss: 1.124527 disagreement: 0.010260
iter:  1200 loss: 0.738992 disagreement: 0.013154
iter:  1300 loss: 1.659134 disagreement: 0.012705
iter:  1400 loss: 1.544853 disagreement: 0.012364
iter:  1500 loss: 1.573869 disagreement: 0.014629
iter:  1600 loss: 1.031834 disagreement: 0.009150
iter:  1700 loss: 1.207619 disagreement: 0.013091
iter:  1800 loss: 1.041684 disagreement: 0.013093
iter:  1900 loss: 1.416205 disagreement: 0.011018
iter:  2000 loss: 0.672595 disagreement: 0.011780
iter:  2100 loss: 1.117751 disagreement: 0.012854
iter:  2200 loss: 0.990732 disagreement: 0.012970
iter:  2300 loss: 1.121811 disagreement: 0.021471
iter:  2400 loss: 1.300895 disagreement: 0.016114
	train_loss: 1.19
===========Epoch 21 's test==========
epoch 21, time: 758.68
	eval score: 58.14 
	current best eval score: 58.18 
decreased lr: 0.0000
===========Epoch 22 's train==========
iter:  0 loss: 0.704915 disagreement: 0.012421
iter:  100 loss: 0.639502 disagreement: 0.009377
iter:  200 loss: 1.153974 disagreement: 0.013786
iter:  300 loss: 0.912858 disagreement: 0.015849
iter:  400 loss: 1.540739 disagreement: 0.031459
iter:  500 loss: 1.720149 disagreement: 0.012209
iter:  600 loss: 0.975507 disagreement: 0.016371
iter:  700 loss: 0.552411 disagreement: 0.010241
iter:  800 loss: 1.276378 disagreement: 0.016442
iter:  900 loss: 1.985842 disagreement: 0.011797
iter:  1000 loss: 1.002181 disagreement: 0.014255
iter:  1100 loss: 1.822484 disagreement: 0.013138
iter:  1200 loss: 1.358886 disagreement: 0.012451
iter:  1300 loss: 1.781443 disagreement: 0.012650
iter:  1400 loss: 1.299212 disagreement: 0.028529
iter:  1500 loss: 2.512159 disagreement: 0.016414
iter:  1600 loss: 0.752678 disagreement: 0.024792
iter:  1700 loss: 1.013338 disagreement: 0.010311
iter:  1800 loss: 1.452320 disagreement: 0.011226
iter:  1900 loss: 0.791108 disagreement: 0.016069
iter:  2000 loss: 2.131547 disagreement: 0.009666
iter:  2100 loss: 2.058756 disagreement: 0.015194
iter:  2200 loss: 2.187551 disagreement: 0.020579
iter:  2300 loss: 0.869732 disagreement: 0.017370
iter:  2400 loss: 1.609048 disagreement: 0.014917
	train_loss: 1.19
===========Epoch 22 's test==========
epoch 22, time: 727.05
	eval score: 58.12 
	current best eval score: 58.18 
lr: 0.000016
===========Epoch 23 's train==========
iter:  0 loss: 1.690723 disagreement: 0.018530
iter:  100 loss: 0.787758 disagreement: 0.009653
iter:  200 loss: 1.187785 disagreement: 0.013899
iter:  300 loss: 1.036240 disagreement: 0.008106
iter:  400 loss: 0.577770 disagreement: 0.008983
iter:  500 loss: 0.282007 disagreement: 0.015090
iter:  600 loss: 0.705879 disagreement: 0.025291
iter:  700 loss: 0.665624 disagreement: 0.017053
iter:  800 loss: 1.774376 disagreement: 0.021090
iter:  900 loss: 1.607822 disagreement: 0.011281
iter:  1000 loss: 1.266087 disagreement: 0.015873
iter:  1100 loss: 1.312651 disagreement: 0.008636
iter:  1200 loss: 2.619845 disagreement: 0.014006
iter:  1300 loss: 1.072465 disagreement: 0.011565
iter:  1400 loss: 1.402067 disagreement: 0.012035
iter:  1500 loss: 0.944703 disagreement: 0.009646
iter:  1600 loss: 0.857910 disagreement: 0.013925
iter:  1700 loss: 0.806240 disagreement: 0.010656
iter:  1800 loss: 1.549309 disagreement: 0.021696
iter:  1900 loss: 1.654827 disagreement: 0.014195
iter:  2000 loss: 0.622712 disagreement: 0.011427
iter:  2100 loss: 0.947751 disagreement: 0.012888
iter:  2200 loss: 0.473745 disagreement: 0.015935
iter:  2300 loss: 0.732697 disagreement: 0.019019
iter:  2400 loss: 0.660225 disagreement: 0.010323
	train_loss: 1.19
===========Epoch 23 's test==========
epoch 23, time: 722.49
	eval score: 58.11 
	current best eval score: 58.18 
decreased lr: 0.0000
===========Epoch 24 's train==========
iter:  0 loss: 1.115721 disagreement: 0.012686
iter:  100 loss: 0.745525 disagreement: 0.011351
iter:  200 loss: 0.727186 disagreement: 0.016123
iter:  300 loss: 1.039980 disagreement: 0.016141
iter:  400 loss: 0.523659 disagreement: 0.011081
iter:  500 loss: 0.934959 disagreement: 0.011441
iter:  600 loss: 1.504968 disagreement: 0.010474
iter:  700 loss: 1.259154 disagreement: 0.011770
iter:  800 loss: 2.044467 disagreement: 0.017045
iter:  900 loss: 1.456083 disagreement: 0.012279
iter:  1000 loss: 0.886798 disagreement: 0.009279
iter:  1100 loss: 1.063026 disagreement: 0.015589
iter:  1200 loss: 1.428443 disagreement: 0.014387
iter:  1300 loss: 1.600424 disagreement: 0.008893
iter:  1400 loss: 1.348431 disagreement: 0.008942
iter:  1500 loss: 0.426644 disagreement: 0.008523
iter:  1600 loss: 1.538147 disagreement: 0.014759
iter:  1700 loss: 1.516542 disagreement: 0.011443
iter:  1800 loss: 1.307107 disagreement: 0.012808
iter:  1900 loss: 1.256371 disagreement: 0.009905
iter:  2000 loss: 1.984664 disagreement: 0.014646
iter:  2100 loss: 1.253463 disagreement: 0.010525
iter:  2200 loss: 0.492086 disagreement: 0.009854
iter:  2300 loss: 1.594142 disagreement: 0.014966
iter:  2400 loss: 0.818958 disagreement: 0.014869
	train_loss: 1.19
===========Epoch 24 's test==========
epoch 24, time: 741.12
	eval score: 58.10 
	current best eval score: 58.18 
lr: 0.000008
===========Epoch 25 's train==========
iter:  0 loss: 1.126733 disagreement: 0.009764
iter:  100 loss: 1.855479 disagreement: 0.009117
iter:  200 loss: 1.177800 disagreement: 0.010413
iter:  300 loss: 0.923308 disagreement: 0.010941
iter:  400 loss: 1.225192 disagreement: 0.012510
iter:  500 loss: 1.099824 disagreement: 0.010346
iter:  600 loss: 1.434183 disagreement: 0.016030
iter:  700 loss: 1.678274 disagreement: 0.018336
iter:  800 loss: 1.334498 disagreement: 0.009127
iter:  900 loss: 0.914822 disagreement: 0.012849
iter:  1000 loss: 1.489518 disagreement: 0.011465
iter:  1100 loss: 0.850992 disagreement: 0.012499
iter:  1200 loss: 0.711710 disagreement: 0.010157
iter:  1300 loss: 0.867285 disagreement: 0.020831
iter:  1400 loss: 1.232723 disagreement: 0.009651
iter:  1500 loss: 1.946577 disagreement: 0.011602
iter:  1600 loss: 1.316494 disagreement: 0.009238
iter:  1700 loss: 0.947816 disagreement: 0.012751
iter:  1800 loss: 1.412116 disagreement: 0.013809
iter:  1900 loss: 1.205914 disagreement: 0.018869
iter:  2000 loss: 1.731210 disagreement: 0.009845
iter:  2100 loss: 0.929957 disagreement: 0.012769
iter:  2200 loss: 1.333430 disagreement: 0.012601
iter:  2300 loss: 1.293413 disagreement: 0.011356
iter:  2400 loss: 2.020753 disagreement: 0.009167
	train_loss: 1.19
===========Epoch 25 's test==========
epoch 25, time: 767.33
	eval score: 58.07 
	current best eval score: 58.18 
decreased lr: 0.0000
===========Epoch 26 's train==========
iter:  0 loss: 0.619430 disagreement: 0.011355
iter:  100 loss: 1.149685 disagreement: 0.013536
iter:  200 loss: 1.666718 disagreement: 0.009774
iter:  300 loss: 1.109790 disagreement: 0.012231
iter:  400 loss: 1.399814 disagreement: 0.012811
iter:  500 loss: 0.808381 disagreement: 0.016399
iter:  600 loss: 2.356555 disagreement: 0.018283
iter:  700 loss: 0.635601 disagreement: 0.012778
iter:  800 loss: 0.619640 disagreement: 0.013607
iter:  900 loss: 1.833870 disagreement: 0.011733
iter:  1000 loss: 1.278300 disagreement: 0.012771
iter:  1100 loss: 1.721309 disagreement: 0.017734
iter:  1200 loss: 1.010220 disagreement: 0.013024
iter:  1300 loss: 1.035817 disagreement: 0.011253
iter:  1400 loss: 1.466632 disagreement: 0.015082
iter:  1500 loss: 0.981918 disagreement: 0.011632
iter:  1600 loss: 1.677299 disagreement: 0.017563
iter:  1700 loss: 0.675143 disagreement: 0.014996
iter:  1800 loss: 0.979411 disagreement: 0.016126
iter:  1900 loss: 0.935043 disagreement: 0.010501
iter:  2000 loss: 0.726409 disagreement: 0.011962
iter:  2100 loss: 1.183448 disagreement: 0.009192
iter:  2200 loss: 1.262633 disagreement: 0.009497
iter:  2300 loss: 0.610565 disagreement: 0.012485
iter:  2400 loss: 0.892435 disagreement: 0.011700
	train_loss: 1.19
===========Epoch 26 's test==========
epoch 26, time: 728.17
	eval score: 58.05 
	current best eval score: 58.18 
lr: 0.000004
===========Epoch 27 's train==========
iter:  0 loss: 0.636961 disagreement: 0.020615
iter:  100 loss: 1.439921 disagreement: 0.016226
iter:  200 loss: 0.496465 disagreement: 0.009815
iter:  300 loss: 1.075784 disagreement: 0.008541
iter:  400 loss: 1.157337 disagreement: 0.009994
iter:  500 loss: 1.376822 disagreement: 0.016562
iter:  600 loss: 1.847408 disagreement: 0.019403
iter:  700 loss: 1.232335 disagreement: 0.012013
iter:  800 loss: 0.648947 disagreement: 0.010828
iter:  900 loss: 0.625534 disagreement: 0.017215
iter:  1000 loss: 1.766372 disagreement: 0.009335
iter:  1100 loss: 1.163641 disagreement: 0.010906
iter:  1200 loss: 1.282227 disagreement: 0.014029
iter:  1300 loss: 1.403556 disagreement: 0.012997
iter:  1400 loss: 1.943044 disagreement: 0.012832
iter:  1500 loss: 1.440123 disagreement: 0.009696
iter:  1600 loss: 1.177269 disagreement: 0.010199
iter:  1700 loss: 1.221318 disagreement: 0.008516
iter:  1800 loss: 1.629467 disagreement: 0.013234
iter:  1900 loss: 1.718348 disagreement: 0.010409
iter:  2000 loss: 1.091146 disagreement: 0.015523
iter:  2100 loss: 1.235994 disagreement: 0.011959
iter:  2200 loss: 0.723386 disagreement: 0.013931
iter:  2300 loss: 1.126167 disagreement: 0.013311
iter:  2400 loss: 1.689257 disagreement: 0.009975
	train_loss: 1.19
===========Epoch 27 's test==========
epoch 27, time: 773.63
	eval score: 58.07 
	current best eval score: 58.18 
decreased lr: 0.0000
===========Epoch 28 's train==========
iter:  0 loss: 1.105362 disagreement: 0.021449
iter:  100 loss: 0.925869 disagreement: 0.012799
iter:  200 loss: 1.535313 disagreement: 0.015632
iter:  300 loss: 1.091869 disagreement: 0.013924
iter:  400 loss: 0.821850 disagreement: 0.013968
iter:  500 loss: 1.020809 disagreement: 0.009903
iter:  600 loss: 0.494658 disagreement: 0.012905
iter:  700 loss: 1.462016 disagreement: 0.011304
iter:  800 loss: 1.372461 disagreement: 0.013550
iter:  900 loss: 0.589557 disagreement: 0.016456
iter:  1000 loss: 1.381471 disagreement: 0.012101
iter:  1100 loss: 1.173239 disagreement: 0.009383
iter:  1200 loss: 1.248281 disagreement: 0.010299
iter:  1300 loss: 1.810126 disagreement: 0.012340
iter:  1400 loss: 1.159214 disagreement: 0.009410
iter:  1500 loss: 0.791869 disagreement: 0.008838
iter:  1600 loss: 1.428922 disagreement: 0.018687
iter:  1700 loss: 1.215827 disagreement: 0.014895
iter:  1800 loss: 2.038398 disagreement: 0.014807
iter:  1900 loss: 0.962259 disagreement: 0.014803
iter:  2000 loss: 0.596907 disagreement: 0.016044
iter:  2100 loss: 0.479552 disagreement: 0.012324
iter:  2200 loss: 0.701591 disagreement: 0.010719
iter:  2300 loss: 1.880278 disagreement: 0.014672
iter:  2400 loss: 0.635962 disagreement: 0.014364
	train_loss: 1.19
===========Epoch 28 's test==========
epoch 28, time: 735.66
	eval score: 58.06 
	current best eval score: 58.18 
lr: 0.000002
===========Epoch 29 's train==========
iter:  0 loss: 0.684133 disagreement: 0.018547
iter:  100 loss: 1.926721 disagreement: 0.014964
iter:  200 loss: 1.636296 disagreement: 0.013380
iter:  300 loss: 1.079639 disagreement: 0.017829
iter:  400 loss: 1.409472 disagreement: 0.017005
iter:  500 loss: 0.716067 disagreement: 0.013006
iter:  600 loss: 0.446016 disagreement: 0.016535
iter:  700 loss: 0.480892 disagreement: 0.015056
iter:  800 loss: 1.139745 disagreement: 0.010237
iter:  900 loss: 0.503377 disagreement: 0.009227
iter:  1000 loss: 0.581689 disagreement: 0.009631
iter:  1100 loss: 1.694168 disagreement: 0.015536
iter:  1200 loss: 1.898008 disagreement: 0.012502
iter:  1300 loss: 1.892735 disagreement: 0.010228
iter:  1400 loss: 1.030333 disagreement: 0.008484
iter:  1500 loss: 1.451071 disagreement: 0.008578
iter:  1600 loss: 1.440302 disagreement: 0.012912
iter:  1700 loss: 1.634782 disagreement: 0.008436
iter:  1800 loss: 0.738945 disagreement: 0.011213
iter:  1900 loss: 1.666030 disagreement: 0.008626
iter:  2000 loss: 0.456164 disagreement: 0.011038
iter:  2100 loss: 0.875981 disagreement: 0.017959
iter:  2200 loss: 1.787385 disagreement: 0.008844
iter:  2300 loss: 1.115559 disagreement: 0.013199
iter:  2400 loss: 0.922794 disagreement: 0.016384
	train_loss: 1.19
===========Epoch 29 's test==========
epoch 29, time: 654.50
	eval score: 58.07 
	current best eval score: 58.18 
lr: 0.000002
===========Epoch 30 's train==========
iter:  0 loss: 1.153693 disagreement: 0.016418
iter:  100 loss: 1.001306 disagreement: 0.015270
iter:  200 loss: 1.455828 disagreement: 0.017331
iter:  300 loss: 0.850917 disagreement: 0.008672
iter:  400 loss: 0.806569 disagreement: 0.012022
iter:  500 loss: 1.406691 disagreement: 0.012383
iter:  600 loss: 1.176237 disagreement: 0.009445
iter:  700 loss: 1.058166 disagreement: 0.025647
iter:  800 loss: 1.453673 disagreement: 0.013793
iter:  900 loss: 1.196432 disagreement: 0.007227
iter:  1000 loss: 1.004889 disagreement: 0.009150
iter:  1100 loss: 1.196252 disagreement: 0.025254
iter:  1200 loss: 1.635743 disagreement: 0.010726
iter:  1300 loss: 0.673610 disagreement: 0.014337
iter:  1400 loss: 0.858875 disagreement: 0.014151
iter:  1500 loss: 1.496805 disagreement: 0.009803
iter:  1600 loss: 1.222215 disagreement: 0.012777
iter:  1700 loss: 0.699864 disagreement: 0.010489
iter:  1800 loss: 1.062662 disagreement: 0.013171
iter:  1900 loss: 1.042309 disagreement: 0.011970
iter:  2000 loss: 1.412157 disagreement: 0.010451
iter:  2100 loss: 0.971145 disagreement: 0.011424
iter:  2200 loss: 1.123475 disagreement: 0.009972
iter:  2300 loss: 1.416956 disagreement: 0.010026
iter:  2400 loss: 0.445726 disagreement: 0.010977
	train_loss: 1.19
===========Epoch 30 's test==========
epoch 30, time: 677.55
	eval score: 58.05 
	current best eval score: 58.18 
lr: 0.000002
===========Epoch 31 's train==========
iter:  0 loss: 1.186835 disagreement: 0.008340
iter:  100 loss: 1.449682 disagreement: 0.012456
iter:  200 loss: 1.015828 disagreement: 0.012389
iter:  300 loss: 1.384741 disagreement: 0.014020
iter:  400 loss: 1.334112 disagreement: 0.016591
iter:  500 loss: 1.292771 disagreement: 0.009821
iter:  600 loss: 0.883901 disagreement: 0.011606
iter:  700 loss: 1.093765 disagreement: 0.011888
iter:  800 loss: 1.867429 disagreement: 0.028395
iter:  900 loss: 0.616851 disagreement: 0.012579
iter:  1000 loss: 1.097860 disagreement: 0.011761
iter:  1100 loss: 1.182106 disagreement: 0.013512
iter:  1200 loss: 0.901020 disagreement: 0.010136
iter:  1300 loss: 1.215268 disagreement: 0.009994
iter:  1400 loss: 1.811679 disagreement: 0.009471
iter:  1500 loss: 0.614386 disagreement: 0.016503
iter:  1600 loss: 1.181782 disagreement: 0.008758
iter:  1700 loss: 1.242203 disagreement: 0.011228
iter:  1800 loss: 0.766754 disagreement: 0.012050
iter:  1900 loss: 0.627244 disagreement: 0.013848
iter:  2000 loss: 0.909922 disagreement: 0.006883
iter:  2100 loss: 1.356493 disagreement: 0.011141
iter:  2200 loss: 1.674050 disagreement: 0.013737
iter:  2300 loss: 0.840810 disagreement: 0.015402
iter:  2400 loss: 2.045232 disagreement: 0.010734
	train_loss: 1.19
===========Epoch 31 's test==========
epoch 31, time: 672.28
	eval score: 58.07 
	current best eval score: 58.18 
lr: 0.000002
===========Epoch 32 's train==========
iter:  0 loss: 1.385196 disagreement: 0.009265
iter:  100 loss: 2.546268 disagreement: 0.010216
iter:  200 loss: 1.051266 disagreement: 0.012260
iter:  300 loss: 1.296135 disagreement: 0.011798
iter:  400 loss: 0.654407 disagreement: 0.009088
iter:  500 loss: 0.676024 disagreement: 0.010037
iter:  600 loss: 1.420463 disagreement: 0.011978
iter:  700 loss: 1.182757 disagreement: 0.008732
iter:  800 loss: 1.375054 disagreement: 0.011508
iter:  900 loss: 1.767036 disagreement: 0.014817
iter:  1000 loss: 0.697382 disagreement: 0.018208
iter:  1100 loss: 0.913987 disagreement: 0.008685
iter:  1200 loss: 0.834334 disagreement: 0.012602
iter:  1300 loss: 1.182967 disagreement: 0.016772
iter:  1400 loss: 1.026217 disagreement: 0.011113
iter:  1500 loss: 0.997961 disagreement: 0.009396
iter:  1600 loss: 1.121037 disagreement: 0.011822
iter:  1700 loss: 0.770803 disagreement: 0.010313
iter:  1800 loss: 1.314342 disagreement: 0.010560
iter:  1900 loss: 1.734228 disagreement: 0.010247
iter:  2000 loss: 1.098656 disagreement: 0.012204
iter:  2100 loss: 0.765832 disagreement: 0.010259
iter:  2200 loss: 0.735520 disagreement: 0.007338
iter:  2300 loss: 2.224567 disagreement: 0.016154
iter:  2400 loss: 1.403538 disagreement: 0.009413
	train_loss: 1.19
===========Epoch 32 's test==========
epoch 32, time: 701.21
	eval score: 58.08 
	current best eval score: 58.18 
lr: 0.000002
===========Epoch 33 's train==========
iter:  0 loss: 0.593742 disagreement: 0.010811
iter:  100 loss: 0.966964 disagreement: 0.010813
iter:  200 loss: 1.778460 disagreement: 0.017609
iter:  300 loss: 1.024349 disagreement: 0.009761
iter:  400 loss: 0.706440 disagreement: 0.008919
iter:  500 loss: 1.765482 disagreement: 0.017815
iter:  600 loss: 1.868787 disagreement: 0.009062
iter:  700 loss: 1.439749 disagreement: 0.009366
iter:  800 loss: 1.407997 disagreement: 0.013256
iter:  900 loss: 1.388063 disagreement: 0.013964
iter:  1000 loss: 0.941534 disagreement: 0.011578
iter:  1100 loss: 0.438820 disagreement: 0.009636
iter:  1200 loss: 0.792415 disagreement: 0.010145
iter:  1300 loss: 1.448784 disagreement: 0.013461
iter:  1400 loss: 1.186920 disagreement: 0.015063
iter:  1500 loss: 0.515724 disagreement: 0.011656
iter:  1600 loss: 0.647591 disagreement: 0.012770
iter:  1700 loss: 0.769853 disagreement: 0.013789
iter:  1800 loss: 1.052844 disagreement: 0.015336
iter:  1900 loss: 0.764832 disagreement: 0.009835
iter:  2000 loss: 1.418465 disagreement: 0.010950
iter:  2100 loss: 0.473342 disagreement: 0.022017
iter:  2200 loss: 1.083350 disagreement: 0.009451
iter:  2300 loss: 1.014975 disagreement: 0.018002
iter:  2400 loss: 0.905004 disagreement: 0.013131
	train_loss: 1.19
===========Epoch 33 's test==========
epoch 33, time: 675.48
	eval score: 58.08 
	current best eval score: 58.18 
lr: 0.000002
===========Epoch 34 's train==========
iter:  0 loss: 1.297197 disagreement: 0.012829
iter:  100 loss: 0.605051 disagreement: 0.009972
iter:  200 loss: 1.115201 disagreement: 0.013366
iter:  300 loss: 1.905825 disagreement: 0.011252
iter:  400 loss: 0.954234 disagreement: 0.014623
iter:  500 loss: 1.540516 disagreement: 0.011343
iter:  600 loss: 1.805724 disagreement: 0.011297
iter:  700 loss: 0.328300 disagreement: 0.009207
iter:  800 loss: 0.896365 disagreement: 0.010009
iter:  900 loss: 0.726116 disagreement: 0.010797
iter:  1000 loss: 1.078369 disagreement: 0.009604
iter:  1100 loss: 1.679634 disagreement: 0.010825
iter:  1200 loss: 1.011005 disagreement: 0.010834
iter:  1300 loss: 1.851741 disagreement: 0.027384
iter:  1400 loss: 0.804308 disagreement: 0.013088
iter:  1500 loss: 1.183009 disagreement: 0.016450
iter:  1600 loss: 1.540202 disagreement: 0.011790
iter:  1700 loss: 0.866925 disagreement: 0.011403
iter:  1800 loss: 1.752528 disagreement: 0.010244
iter:  1900 loss: 1.765997 disagreement: 0.028684
iter:  2000 loss: 1.198333 disagreement: 0.017534
iter:  2100 loss: 1.551913 disagreement: 0.011543
iter:  2200 loss: 1.211843 disagreement: 0.012113
iter:  2300 loss: 0.631726 disagreement: 0.010870
iter:  2400 loss: 1.739979 disagreement: 0.010453
	train_loss: 1.19
===========Epoch 34 's test==========
epoch 34, time: 624.69
	eval score: 58.07 
	current best eval score: 58.18 
lr: 0.000002
===========Epoch 35 's train==========
iter:  0 loss: 1.703427 disagreement: 0.012331
iter:  100 loss: 1.626238 disagreement: 0.017498
iter:  200 loss: 2.117444 disagreement: 0.012136
iter:  300 loss: 1.032718 disagreement: 0.015586
iter:  400 loss: 1.511001 disagreement: 0.016284
iter:  500 loss: 1.215386 disagreement: 0.011004
iter:  600 loss: 1.792439 disagreement: 0.015215
iter:  700 loss: 2.171289 disagreement: 0.010192
iter:  800 loss: 2.076534 disagreement: 0.014408
iter:  900 loss: 1.552375 disagreement: 0.009036
iter:  1000 loss: 2.464159 disagreement: 0.011780
iter:  1100 loss: 1.308991 disagreement: 0.017679
iter:  1200 loss: 1.441727 disagreement: 0.010497
iter:  1300 loss: 1.677374 disagreement: 0.009134
iter:  1400 loss: 1.220415 disagreement: 0.011380
iter:  1500 loss: 0.944043 disagreement: 0.018772
iter:  1600 loss: 0.664402 disagreement: 0.013725
iter:  1700 loss: 0.497445 disagreement: 0.011721
iter:  1800 loss: 0.940840 disagreement: 0.009420
iter:  1900 loss: 0.819277 disagreement: 0.011093
iter:  2000 loss: 1.185316 disagreement: 0.013398
iter:  2100 loss: 1.181972 disagreement: 0.009454
iter:  2200 loss: 1.049996 disagreement: 0.009206
iter:  2300 loss: 1.089568 disagreement: 0.009411
iter:  2400 loss: 1.184955 disagreement: 0.026845
	train_loss: 1.19
===========Epoch 35 's test==========
epoch 35, time: 256.44
	eval score: 58.08 
	current best eval score: 58.18 
lr: 0.000002
===========Epoch 36 's train==========
iter:  0 loss: 1.260776 disagreement: 0.012918
iter:  100 loss: 1.519393 disagreement: 0.011785
iter:  200 loss: 1.454232 disagreement: 0.009326
iter:  300 loss: 1.500266 disagreement: 0.019231
iter:  400 loss: 1.273966 disagreement: 0.010078
iter:  500 loss: 2.211447 disagreement: 0.020807
iter:  600 loss: 1.643404 disagreement: 0.013237
iter:  700 loss: 1.249401 disagreement: 0.009580
iter:  800 loss: 2.747394 disagreement: 0.011009
iter:  900 loss: 0.859654 disagreement: 0.009985
iter:  1000 loss: 1.088192 disagreement: 0.009412
iter:  1100 loss: 0.787958 disagreement: 0.010457
iter:  1200 loss: 1.589578 disagreement: 0.009088
iter:  1300 loss: 1.526379 disagreement: 0.011768
iter:  1400 loss: 1.570801 disagreement: 0.008445
iter:  1500 loss: 0.960467 disagreement: 0.010127
iter:  1600 loss: 0.984272 disagreement: 0.010499
iter:  1700 loss: 0.460307 disagreement: 0.012855
iter:  1800 loss: 1.424973 disagreement: 0.009320
iter:  1900 loss: 0.580518 disagreement: 0.008083
iter:  2000 loss: 1.568215 disagreement: 0.013797
iter:  2100 loss: 1.010839 disagreement: 0.014673
iter:  2200 loss: 0.786722 disagreement: 0.009318
iter:  2300 loss: 1.774460 disagreement: 0.009539
iter:  2400 loss: 1.154012 disagreement: 0.025538
	train_loss: 1.19
===========Epoch 36 's test==========
epoch 36, time: 269.35
	eval score: 58.07 
	current best eval score: 58.18 
lr: 0.000002
===========Epoch 37 's train==========
iter:  0 loss: 0.473442 disagreement: 0.008754
iter:  100 loss: 1.367519 disagreement: 0.009621
iter:  200 loss: 0.939662 disagreement: 0.013089
iter:  300 loss: 2.187976 disagreement: 0.010925
iter:  400 loss: 0.854821 disagreement: 0.012180
iter:  500 loss: 2.079144 disagreement: 0.009001
iter:  600 loss: 1.004256 disagreement: 0.009802
iter:  700 loss: 1.523853 disagreement: 0.011992
iter:  800 loss: 1.548426 disagreement: 0.011259
iter:  900 loss: 0.983782 disagreement: 0.012792
iter:  1000 loss: 1.457464 disagreement: 0.011472
iter:  1100 loss: 2.376002 disagreement: 0.010215
iter:  1200 loss: 1.086916 disagreement: 0.010688
iter:  1300 loss: 1.216841 disagreement: 0.009682
iter:  1400 loss: 1.251714 disagreement: 0.016216
iter:  1500 loss: 1.045510 disagreement: 0.021890
iter:  1600 loss: 0.595790 disagreement: 0.014059
iter:  1700 loss: 1.084427 disagreement: 0.010008
iter:  1800 loss: 1.069746 disagreement: 0.014977
iter:  1900 loss: 0.570982 disagreement: 0.011067
iter:  2000 loss: 1.809406 disagreement: 0.017390
iter:  2100 loss: 1.773850 disagreement: 0.013813
iter:  2200 loss: 2.145868 disagreement: 0.009731
iter:  2300 loss: 1.796984 disagreement: 0.009730
iter:  2400 loss: 1.074607 disagreement: 0.012496
	train_loss: 1.19
===========Epoch 37 's test==========
epoch 37, time: 302.47
	eval score: 58.07 
	current best eval score: 58.18 
lr: 0.000002
===========Epoch 38 's train==========
iter:  0 loss: 1.306863 disagreement: 0.017733
iter:  100 loss: 0.952335 disagreement: 0.008772
iter:  200 loss: 1.228950 disagreement: 0.008762
iter:  300 loss: 1.199990 disagreement: 0.017273
iter:  400 loss: 0.783081 disagreement: 0.015593
iter:  500 loss: 1.326508 disagreement: 0.009226
iter:  600 loss: 1.034629 disagreement: 0.019001
iter:  700 loss: 1.082753 disagreement: 0.011368
iter:  800 loss: 1.324308 disagreement: 0.008818
iter:  900 loss: 0.534289 disagreement: 0.011498
iter:  1000 loss: 1.495280 disagreement: 0.009486
iter:  1100 loss: 0.540897 disagreement: 0.011142
iter:  1200 loss: 0.826759 disagreement: 0.008278
iter:  1300 loss: 1.047998 disagreement: 0.010080
iter:  1400 loss: 1.123154 disagreement: 0.015022
iter:  1500 loss: 0.746720 disagreement: 0.008670
iter:  1600 loss: 1.680636 disagreement: 0.010427
iter:  1700 loss: 1.034979 disagreement: 0.013963
iter:  1800 loss: 1.423302 disagreement: 0.012836
iter:  1900 loss: 1.295608 disagreement: 0.008339
iter:  2000 loss: 1.187972 disagreement: 0.011361
iter:  2100 loss: 0.985945 disagreement: 0.009041
iter:  2200 loss: 1.927525 disagreement: 0.010665
iter:  2300 loss: 1.104055 disagreement: 0.010323
iter:  2400 loss: 1.644873 disagreement: 0.029051
	train_loss: 1.19
===========Epoch 38 's test==========
epoch 38, time: 328.40
	eval score: 58.06 
	current best eval score: 58.18 
lr: 0.000002
===========Epoch 39 's train==========
iter:  0 loss: 1.206411 disagreement: 0.016149
iter:  100 loss: 1.872086 disagreement: 0.012167
iter:  200 loss: 2.329659 disagreement: 0.009938
iter:  300 loss: 0.903130 disagreement: 0.014175
iter:  400 loss: 1.451223 disagreement: 0.012729
iter:  500 loss: 0.890681 disagreement: 0.011224
iter:  600 loss: 1.159318 disagreement: 0.009691
iter:  700 loss: 1.575241 disagreement: 0.014063
iter:  800 loss: 1.483536 disagreement: 0.011284
iter:  900 loss: 1.488780 disagreement: 0.008972
iter:  1000 loss: 0.788483 disagreement: 0.008504
iter:  1100 loss: 1.149013 disagreement: 0.012124
iter:  1200 loss: 1.658139 disagreement: 0.012101
iter:  1300 loss: 0.700235 disagreement: 0.009852
iter:  1400 loss: 0.832117 disagreement: 0.011966
iter:  1500 loss: 1.333974 disagreement: 0.010341
iter:  1600 loss: 0.550401 disagreement: 0.018369
iter:  1700 loss: 1.605240 disagreement: 0.012452
iter:  1800 loss: 1.017639 disagreement: 0.020145
iter:  1900 loss: 1.484710 disagreement: 0.009006
iter:  2000 loss: 0.832439 disagreement: 0.011036
iter:  2100 loss: 0.664668 disagreement: 0.013021
iter:  2200 loss: 1.998461 disagreement: 0.018213
iter:  2300 loss: 1.437197 disagreement: 0.012211
iter:  2400 loss: 0.988940 disagreement: 0.012042
	train_loss: 1.19
===========Epoch 39 's test==========
epoch 39, time: 283.08
	eval score: 58.06 
	current best eval score: 58.18 
lr: 0.000002
===========Epoch 40 's train==========
iter:  0 loss: 1.413315 disagreement: 0.009639
iter:  100 loss: 1.267315 disagreement: 0.011973
iter:  200 loss: 1.715542 disagreement: 0.011400
iter:  300 loss: 1.494449 disagreement: 0.012270
iter:  400 loss: 1.561575 disagreement: 0.008023
iter:  500 loss: 1.228897 disagreement: 0.012042
iter:  600 loss: 1.386580 disagreement: 0.008469
iter:  700 loss: 1.936971 disagreement: 0.009768
iter:  800 loss: 0.363001 disagreement: 0.020718
iter:  900 loss: 0.502646 disagreement: 0.009637
iter:  1000 loss: 0.705051 disagreement: 0.013551
iter:  1100 loss: 1.191433 disagreement: 0.016802
iter:  1200 loss: 0.842696 disagreement: 0.016820
iter:  1300 loss: 1.913693 disagreement: 0.021709
iter:  1400 loss: 2.067734 disagreement: 0.008211
iter:  1500 loss: 1.599730 disagreement: 0.008743
iter:  1600 loss: 1.441684 disagreement: 0.011246
iter:  1700 loss: 0.919512 disagreement: 0.012756
iter:  1800 loss: 0.446994 disagreement: 0.014030
iter:  1900 loss: 1.175845 disagreement: 0.016457
iter:  2000 loss: 0.951557 disagreement: 0.013046
iter:  2100 loss: 1.319240 disagreement: 0.010166
iter:  2200 loss: 1.866292 disagreement: 0.010250
iter:  2300 loss: 0.285661 disagreement: 0.014540
iter:  2400 loss: 1.217896 disagreement: 0.012148
	train_loss: 1.19
===========Epoch 40 's test==========
epoch 40, time: 240.52
	eval score: 58.06 
	current best eval score: 58.18 
lr: 0.000002
===========Epoch 41 's train==========
iter:  0 loss: 1.194784 disagreement: 0.009035
iter:  100 loss: 1.262515 disagreement: 0.010450
iter:  200 loss: 1.422716 disagreement: 0.013962
iter:  300 loss: 0.995543 disagreement: 0.013322
iter:  400 loss: 0.671604 disagreement: 0.018171
iter:  500 loss: 0.949679 disagreement: 0.007606
iter:  600 loss: 1.559999 disagreement: 0.009908
iter:  700 loss: 1.361108 disagreement: 0.009283
iter:  800 loss: 1.029762 disagreement: 0.009411
iter:  900 loss: 1.160078 disagreement: 0.008845
iter:  1000 loss: 1.601935 disagreement: 0.009407
iter:  1100 loss: 1.160428 disagreement: 0.010085
iter:  1200 loss: 1.455457 disagreement: 0.010622
iter:  1300 loss: 2.006581 disagreement: 0.018517
iter:  1400 loss: 0.677218 disagreement: 0.012392
iter:  1500 loss: 1.267057 disagreement: 0.017367
iter:  1600 loss: 1.112501 disagreement: 0.022358
iter:  1700 loss: 0.959530 disagreement: 0.008640
iter:  1800 loss: 1.492522 disagreement: 0.017142
iter:  1900 loss: 1.051047 disagreement: 0.010062
iter:  2000 loss: 1.293464 disagreement: 0.016159
iter:  2100 loss: 1.093514 disagreement: 0.011808
iter:  2200 loss: 1.475194 disagreement: 0.012676
iter:  2300 loss: 1.297427 disagreement: 0.013373
iter:  2400 loss: 1.022596 disagreement: 0.011671
	train_loss: 1.19
===========Epoch 41 's test==========
epoch 41, time: 306.05
	eval score: 58.08 
	current best eval score: 58.18 
lr: 0.000002
===========Epoch 42 's train==========
iter:  0 loss: 1.177374 disagreement: 0.016967
iter:  100 loss: 1.091114 disagreement: 0.012520
iter:  200 loss: 0.711420 disagreement: 0.012822
iter:  300 loss: 1.095927 disagreement: 0.010541
iter:  400 loss: 1.019549 disagreement: 0.011994
iter:  500 loss: 1.287461 disagreement: 0.009296
iter:  600 loss: 1.678757 disagreement: 0.016516
iter:  700 loss: 0.955812 disagreement: 0.009811
iter:  800 loss: 1.876651 disagreement: 0.010527
iter:  900 loss: 0.932629 disagreement: 0.014565
iter:  1000 loss: 1.972337 disagreement: 0.018075
iter:  1100 loss: 0.929380 disagreement: 0.010934
iter:  1200 loss: 1.479101 disagreement: 0.008332
iter:  1300 loss: 1.861167 disagreement: 0.017941
iter:  1400 loss: 1.586587 disagreement: 0.008832
iter:  1500 loss: 1.765489 disagreement: 0.015087
iter:  1600 loss: 0.865076 disagreement: 0.015913
iter:  1700 loss: 0.495894 disagreement: 0.011769
iter:  1800 loss: 1.300476 disagreement: 0.015270
iter:  1900 loss: 1.847979 disagreement: 0.008297
iter:  2000 loss: 0.498737 disagreement: 0.008746
iter:  2100 loss: 1.976251 disagreement: 0.010969
iter:  2200 loss: 0.775111 disagreement: 0.015795
iter:  2300 loss: 1.150597 disagreement: 0.008460
iter:  2400 loss: 1.064589 disagreement: 0.012628
	train_loss: 1.19
===========Epoch 42 's test==========
epoch 42, time: 320.79
	eval score: 58.05 
	current best eval score: 58.18 
lr: 0.000002
===========Epoch 43 's train==========
iter:  0 loss: 1.136009 disagreement: 0.008053
iter:  100 loss: 1.095005 disagreement: 0.014287
iter:  200 loss: 0.562082 disagreement: 0.014111
iter:  300 loss: 0.824618 disagreement: 0.015895
iter:  400 loss: 1.293542 disagreement: 0.010473
iter:  500 loss: 0.568623 disagreement: 0.012143
iter:  600 loss: 1.229446 disagreement: 0.019199
iter:  700 loss: 0.588735 disagreement: 0.007537
iter:  800 loss: 1.208682 disagreement: 0.017311
iter:  900 loss: 0.948411 disagreement: 0.011721
iter:  1000 loss: 1.644409 disagreement: 0.013075
iter:  1100 loss: 0.936663 disagreement: 0.007624
iter:  1200 loss: 0.785749 disagreement: 0.015341
iter:  1300 loss: 0.774528 disagreement: 0.014320
iter:  1400 loss: 0.969868 disagreement: 0.012697
iter:  1500 loss: 0.630092 disagreement: 0.010991
iter:  1600 loss: 1.651905 disagreement: 0.011595
iter:  1700 loss: 0.750534 disagreement: 0.023550
iter:  1800 loss: 1.209043 disagreement: 0.009420
iter:  1900 loss: 1.157977 disagreement: 0.013105
iter:  2000 loss: 1.561501 disagreement: 0.008531
iter:  2100 loss: 0.701689 disagreement: 0.015863
iter:  2200 loss: 1.144507 disagreement: 0.007766
iter:  2300 loss: 1.496857 disagreement: 0.014257
iter:  2400 loss: 1.276167 disagreement: 0.011699
	train_loss: 1.19
===========Epoch 43 's test==========
epoch 43, time: 350.82
	eval score: 58.07 
	current best eval score: 58.18 
lr: 0.000002
===========Epoch 44 's train==========
iter:  0 loss: 0.815908 disagreement: 0.017674
iter:  100 loss: 1.348343 disagreement: 0.014356
iter:  200 loss: 1.641776 disagreement: 0.012504
iter:  300 loss: 1.345610 disagreement: 0.017320
iter:  400 loss: 1.608399 disagreement: 0.008808
iter:  500 loss: 1.046858 disagreement: 0.011471
iter:  600 loss: 2.014922 disagreement: 0.008896
iter:  700 loss: 1.161445 disagreement: 0.012884
iter:  800 loss: 1.322080 disagreement: 0.012070
iter:  900 loss: 0.883681 disagreement: 0.016747
iter:  1000 loss: 1.348430 disagreement: 0.008046
iter:  1100 loss: 1.244787 disagreement: 0.009943
iter:  1200 loss: 0.851747 disagreement: 0.020550
iter:  1300 loss: 1.551063 disagreement: 0.016152
iter:  1400 loss: 1.078962 disagreement: 0.008834
iter:  1500 loss: 0.871443 disagreement: 0.009767
iter:  1600 loss: 1.374441 disagreement: 0.009339
iter:  1700 loss: 1.322012 disagreement: 0.018575
iter:  1800 loss: 1.176724 disagreement: 0.012712
iter:  1900 loss: 0.791694 disagreement: 0.013861
iter:  2000 loss: 0.235507 disagreement: 0.009358
iter:  2100 loss: 1.360981 disagreement: 0.012534
iter:  2200 loss: 0.658528 disagreement: 0.009826
iter:  2300 loss: 1.393750 disagreement: 0.012347
iter:  2400 loss: 0.847181 disagreement: 0.012304
	train_loss: 1.19
===========Epoch 44 's test==========
epoch 44, time: 296.95
	eval score: 58.07 
	current best eval score: 58.18 
lr: 0.000002
===========Epoch 45 's train==========
iter:  0 loss: 1.033984 disagreement: 0.007843
iter:  100 loss: 0.821323 disagreement: 0.030135
iter:  200 loss: 1.036818 disagreement: 0.009081
iter:  300 loss: 0.963246 disagreement: 0.011860
iter:  400 loss: 1.641553 disagreement: 0.018780
iter:  500 loss: 1.160666 disagreement: 0.017417
iter:  600 loss: 0.748990 disagreement: 0.011972
iter:  700 loss: 1.712854 disagreement: 0.012436
iter:  800 loss: 1.490858 disagreement: 0.010927
iter:  900 loss: 0.540433 disagreement: 0.013457
iter:  1000 loss: 1.253804 disagreement: 0.012513
iter:  1100 loss: 1.539476 disagreement: 0.012034
iter:  1200 loss: 1.465492 disagreement: 0.012597
iter:  1300 loss: 1.639032 disagreement: 0.011001
iter:  1400 loss: 0.627282 disagreement: 0.011397
iter:  1500 loss: 0.759095 disagreement: 0.012383
iter:  1600 loss: 1.319079 disagreement: 0.010699
iter:  1700 loss: 1.467455 disagreement: 0.011651
iter:  1800 loss: 1.420826 disagreement: 0.011248
iter:  1900 loss: 1.613002 disagreement: 0.021991
iter:  2000 loss: 0.417860 disagreement: 0.009444
iter:  2100 loss: 0.619321 disagreement: 0.014117
iter:  2200 loss: 0.607090 disagreement: 0.010963
iter:  2300 loss: 1.151291 disagreement: 0.010748
iter:  2400 loss: 2.390982 disagreement: 0.009505
	train_loss: 1.19
===========Epoch 45 's test==========
epoch 45, time: 250.29
	eval score: 58.06 
	current best eval score: 58.18 
lr: 0.000002
===========Epoch 46 's train==========
iter:  0 loss: 1.060711 disagreement: 0.010770
iter:  100 loss: 1.428764 disagreement: 0.011024
iter:  200 loss: 0.638869 disagreement: 0.008297
iter:  300 loss: 0.861982 disagreement: 0.011040
iter:  400 loss: 1.343514 disagreement: 0.013617
iter:  500 loss: 0.932923 disagreement: 0.016744
iter:  600 loss: 0.869699 disagreement: 0.012813
iter:  700 loss: 1.258276 disagreement: 0.013792
iter:  800 loss: 1.097424 disagreement: 0.015937
iter:  900 loss: 1.007516 disagreement: 0.011478
iter:  1000 loss: 2.076751 disagreement: 0.011182
iter:  1100 loss: 1.338235 disagreement: 0.011618
iter:  1200 loss: 0.867156 disagreement: 0.011622
iter:  1300 loss: 1.083670 disagreement: 0.009854
iter:  1400 loss: 1.015297 disagreement: 0.018732
iter:  1500 loss: 0.988958 disagreement: 0.009605
iter:  1600 loss: 1.283242 disagreement: 0.010998
iter:  1700 loss: 0.898200 disagreement: 0.010411
iter:  1800 loss: 0.714310 disagreement: 0.008620
iter:  1900 loss: 1.362211 disagreement: 0.014816
iter:  2000 loss: 1.525066 disagreement: 0.012622
iter:  2100 loss: 0.580456 disagreement: 0.017574
iter:  2200 loss: 1.157324 disagreement: 0.013342
iter:  2300 loss: 0.413872 disagreement: 0.010500
iter:  2400 loss: 0.625787 disagreement: 0.020252
	train_loss: 1.19
===========Epoch 46 's test==========
epoch 46, time: 320.28
	eval score: 58.07 
	current best eval score: 58.18 
lr: 0.000002
===========Epoch 47 's train==========
iter:  0 loss: 0.409992 disagreement: 0.014681
iter:  100 loss: 1.267462 disagreement: 0.013818
iter:  200 loss: 0.868484 disagreement: 0.008130
iter:  300 loss: 0.732280 disagreement: 0.019008
iter:  400 loss: 1.158298 disagreement: 0.008779
iter:  500 loss: 0.559133 disagreement: 0.010135
iter:  600 loss: 0.958282 disagreement: 0.011438
iter:  700 loss: 1.281323 disagreement: 0.010800
iter:  800 loss: 2.073767 disagreement: 0.018110
iter:  900 loss: 1.414508 disagreement: 0.015606
iter:  1000 loss: 0.813475 disagreement: 0.009873
iter:  1100 loss: 0.896867 disagreement: 0.011027
iter:  1200 loss: 1.520056 disagreement: 0.009911
iter:  1300 loss: 0.932391 disagreement: 0.012292
iter:  1400 loss: 1.117258 disagreement: 0.013078
iter:  1500 loss: 1.885471 disagreement: 0.011630
iter:  1600 loss: 0.775885 disagreement: 0.009891
iter:  1700 loss: 1.563535 disagreement: 0.012817
iter:  1800 loss: 1.033414 disagreement: 0.012832
iter:  1900 loss: 0.474636 disagreement: 0.013657
iter:  2000 loss: 0.978294 disagreement: 0.010629
iter:  2100 loss: 1.039179 disagreement: 0.008358
iter:  2200 loss: 1.030631 disagreement: 0.012497
iter:  2300 loss: 0.547316 disagreement: 0.008965
iter:  2400 loss: 1.487851 disagreement: 0.012334
	train_loss: 1.19
===========Epoch 47 's test==========
epoch 47, time: 316.73
	eval score: 58.07 
	current best eval score: 58.18 
lr: 0.000002
===========Epoch 48 's train==========
iter:  0 loss: 1.624738 disagreement: 0.011235
iter:  100 loss: 1.930375 disagreement: 0.013544
iter:  200 loss: 1.065397 disagreement: 0.011082
iter:  300 loss: 0.597159 disagreement: 0.014595
iter:  400 loss: 1.399518 disagreement: 0.019992
iter:  500 loss: 2.109954 disagreement: 0.017480
iter:  600 loss: 1.053792 disagreement: 0.013794
iter:  700 loss: 1.198812 disagreement: 0.011354
iter:  800 loss: 1.259532 disagreement: 0.011397
iter:  900 loss: 1.152247 disagreement: 0.010319
iter:  1000 loss: 1.887814 disagreement: 0.015357
iter:  1100 loss: 0.751553 disagreement: 0.013749
iter:  1200 loss: 2.093167 disagreement: 0.011010
iter:  1300 loss: 1.142771 disagreement: 0.016076
iter:  1400 loss: 0.872313 disagreement: 0.010525
iter:  1500 loss: 1.356843 disagreement: 0.008315
iter:  1600 loss: 0.888794 disagreement: 0.009797
iter:  1700 loss: 1.101624 disagreement: 0.009602
iter:  1800 loss: 0.606268 disagreement: 0.011986
iter:  1900 loss: 1.397423 disagreement: 0.011356
iter:  2000 loss: 1.054861 disagreement: 0.009723
iter:  2100 loss: 0.884314 disagreement: 0.015275
iter:  2200 loss: 0.859510 disagreement: 0.013134
iter:  2300 loss: 0.899421 disagreement: 0.011030
iter:  2400 loss: 0.929606 disagreement: 0.010651
	train_loss: 1.19
===========Epoch 48 's test==========
epoch 48, time: 334.66
	eval score: 58.06 
	current best eval score: 58.18 
lr: 0.000002
===========Epoch 49 's train==========
iter:  0 loss: 0.882982 disagreement: 0.015925
iter:  100 loss: 0.859912 disagreement: 0.030576
iter:  200 loss: 0.941370 disagreement: 0.007942
iter:  300 loss: 1.409662 disagreement: 0.008455
iter:  400 loss: 1.054133 disagreement: 0.009769
iter:  500 loss: 0.969284 disagreement: 0.015824
iter:  600 loss: 0.599466 disagreement: 0.009445
iter:  700 loss: 1.487115 disagreement: 0.013509
iter:  800 loss: 1.201879 disagreement: 0.012026
iter:  900 loss: 1.832688 disagreement: 0.009100
iter:  1000 loss: 2.137372 disagreement: 0.010108
iter:  1100 loss: 0.854584 disagreement: 0.009624
iter:  1200 loss: 0.868732 disagreement: 0.009512
iter:  1300 loss: 1.763055 disagreement: 0.013478
iter:  1400 loss: 1.274619 disagreement: 0.015849
iter:  1500 loss: 0.587279 disagreement: 0.012044
iter:  1600 loss: 0.689269 disagreement: 0.015706
iter:  1700 loss: 0.869174 disagreement: 0.014248
iter:  1800 loss: 1.136984 disagreement: 0.014757
iter:  1900 loss: 0.381429 disagreement: 0.011240
iter:  2000 loss: 1.663958 disagreement: 0.013850
iter:  2100 loss: 1.118972 disagreement: 0.009600
iter:  2200 loss: 0.903688 disagreement: 0.010475
iter:  2300 loss: 0.441390 disagreement: 0.011646
iter:  2400 loss: 1.187547 disagreement: 0.008810
	train_loss: 1.19
===========Epoch 49 's test==========
epoch 49, time: 250.78
	eval score: 58.07 
	current best eval score: 58.18 
	final best eval score: 58.18 
ore: 58.20 
